=== マツリカ変換処理開始 ===
入力ファイル: C:/Users/tomoh/Downloads/(層別活動用①)活動管理フォーム (2) 1.xlsx
顧客リスト: C:/Users/tomoh/Downloads/顧客リスト.csv
出力フォルダ: C:\Users\tomoh\OneDrive - Konica Minolta\12.code\webmatsurika
出力ファイル: C:\Users\tomoh\OneDrive - Konica Minolta\12.code\webmatsurika\customer_action_import_format.csv
実行コマンド: C:\Users\tomoh\AppData\Local\Programs\Python\Python312\python.exe matsurica_integrated_tool.py C:/Users/tomoh/Downloads/(層別活動用①)活動管理フォーム (2) 1.xlsx --customers C:/Users/tomoh/Downloads/顧客リスト.csv --output C:\Users\tomoh\OneDrive - Konica Minolta\12.code\webmatsurika\customer_action_import_format.csv
カレントディレクトリ: C:\Users\tomoh\OneDrive - Konica Minolta\12.code\webmatsurika
サブプロセス実行中...
サブプロセス出力: === マツリカ統合ツール処理開始 ===
サブプロセス出力: 入力ファイル: C:/Users/tomoh/Downloads/(層別活動用①)活動管理フォーム (2) 1.xlsx
サブプロセス出力: 顧客リスト: C:/Users/tomoh/Downloads/顧客リスト.csv
サブプロセス出力: 出力ファイル: C:\Users\tomoh\OneDrive - Konica Minolta\12.code\webmatsurika\customer_action_import_format.csv
サブプロセス出力: 1. ExcelファイルをCSVに変換中...
サブプロセス出力: 強制変換開始: C:/Users/tomoh/Downloads/(層別活動用①)活動管理フォーム (2) 1.xlsx
サブプロセス出力: 対象シート: 明細データ
サブプロセス出力: 通常の方法失敗: Unable to read workbook: could not read stylesheet from C:/Users/tomoh/Downloads/(層別活動用①)活動管理フォーム (2) 1.xlsx.
サブプロセス出力: This is most probably because the workbook source files contain some invalid XML.
サブプロセス出力: Please see the exception for more details.
サブプロセス出力: 最初のシートも失敗: Unable to read workbook: could not read stylesheet from C:/Users/tomoh/Downloads/(層別活動用①)活動管理フォーム (2) 1.xlsx.
サブプロセス出力: This is most probably because the workbook source files contain some invalid XML.
サブプロセス出力: Please see the exception for more details.
サブプロセス出力: 共有文字列を抽出: 9968個
サブプロセス出力: シート発見: マスターデータ -> sheet1.xml
サブプロセス出力: シート発見: 明細データ -> sheet2.xml
サブプロセス出力: シートファイルを抽出: xl/worksheets/sheet2.xml (明細データ)
サブプロセス出力: 抽出したデータ: 2825行, サンプル: [['', '', '', '', '', '', '', '', '', '', '', ''], ['', '', '', '', '', '', '', '', '', '', '', '']]
サブプロセス出力: 作成したDataFrame: (2824, 12)
サブプロセス出力: 列の型: <class 'pandas.core.indexes.base.Index'>
サブプロセス出力: 最初の数列: ['', '', '', '', '']
サブプロセス出力: 強制変換完了: C:/Users/tomoh/Downloads/(層別活動用①)活動管理フォーム (2) 1.xlsx -> C:\Users\tomoh\Downloads\(層別活動用①)活動管理フォーム (2) 1.csv
サブプロセス出力: 行数: 2824, 列数: 12
サブプロセス出力: CSV変換完了: C:\Users\tomoh\Downloads\(層別活動用①)活動管理フォーム (2) 1.csv
サブプロセス出力: 変換されたCSVファイル: C:\Users\tomoh\Downloads\(層別活動用①)活動管理フォーム (2) 1.csv
サブプロセス出力: 2. 顧客リストとマッチング中...
サブプロセス出力: 顧客リストファイルを読み込み中: C:\Users\tomoh\Downloads\顧客リスト.csv
サブプロセス出力: 警告: 行 1 がヘッダーでないため削除対象とします
サブプロセス出力: 完了: 行 2 をヘッダーとして設定します
サブプロセス出力: 完了: 有効なデータ行数: 2822/2824
サブプロセス出力: 完了: マッチング結果: 521/2822 行がマッチしました
サブプロセス出力: 警告: 2301 行がマッチしなかったため削除します
サブプロセス出力: マッチング結果をExcelファイルに保存中: matched_activity.xlsx
サブプロセス出力: 完了: 企業マッチング完了: matched_activity.xlsx
サブプロセス出力: マッチングされた行数: 521行
サブプロセス出力: 3. マツリカ取込用CSV生成中...
サブプロセス出力: マツリカCSV生成完了: 521行
サブプロセス出力: 出力ファイルに保存中: C:\Users\tomoh\OneDrive - Konica Minolta\12.code\webmatsurika\customer_action_import_format.csv
サブプロセス出力: 完了: マツリカCSV生成完了: C:\Users\tomoh\OneDrive - Konica Minolta\12.code\webmatsurika\customer_action_import_format.csv
サブプロセス出力: === 処理が正常に完了しました ===
サブプロセス出力: 最終出力ファイル: C:\Users\tomoh\OneDrive - Konica Minolta\12.code\webmatsurika\customer_action_import_format.csv
サブプロセス出力: 出力ファイルサイズ: 170217 bytes
サブプロセス終了コード: 0
=== 処理が正常に完了しました ===
出力ファイル: C:\Users\tomoh\OneDrive - Konica Minolta\12.code\webmatsurika\customer_action_import_format.csv
=== 処理終了 ===
=== マツリカ変換処理開始 ===
入力ファイル: C:/Users/tomoh/Downloads/(層別活動用①)活動管理フォーム (2) 1.xlsx
顧客リスト: C:/Users/tomoh/Downloads/顧客リスト.csv
出力フォルダ: C:\Users\tomoh\OneDrive - Konica Minolta\12.code\webmatsurika
出力ファイル: C:\Users\tomoh\OneDrive - Konica Minolta\12.code\webmatsurika\customer_action_import_format.csv
実行コマンド: C:\Users\tomoh\AppData\Local\Programs\Python\Python312\python.exe matsurica_integrated_tool.py C:/Users/tomoh/Downloads/(層別活動用①)活動管理フォーム (2) 1.xlsx --customers C:/Users/tomoh/Downloads/顧客リスト.csv --output C:\Users\tomoh\OneDrive - Konica Minolta\12.code\webmatsurika\customer_action_import_format.csv
カレントディレクトリ: C:\Users\tomoh\OneDrive - Konica Minolta\12.code\webmatsurika
サブプロセス実行中...
サブプロセス出力: === マツリカ統合ツール処理開始 ===
サブプロセス出力: 入力ファイル: C:/Users/tomoh/Downloads/(層別活動用①)活動管理フォーム (2) 1.xlsx
サブプロセス出力: 顧客リスト: C:/Users/tomoh/Downloads/顧客リスト.csv
サブプロセス出力: 出力ファイル: C:\Users\tomoh\OneDrive - Konica Minolta\12.code\webmatsurika\customer_action_import_format.csv
サブプロセス出力: 1. ExcelファイルをCSVに変換中...
サブプロセス出力: 強制変換開始: C:/Users/tomoh/Downloads/(層別活動用①)活動管理フォーム (2) 1.xlsx
サブプロセス出力: 対象シート: 明細データ
サブプロセス出力: 通常の方法失敗: Unable to read workbook: could not read stylesheet from C:/Users/tomoh/Downloads/(層別活動用①)活動管理フォーム (2) 1.xlsx.
サブプロセス出力: This is most probably because the workbook source files contain some invalid XML.
サブプロセス出力: Please see the exception for more details.
サブプロセス出力: 最初のシートも失敗: Unable to read workbook: could not read stylesheet from C:/Users/tomoh/Downloads/(層別活動用①)活動管理フォーム (2) 1.xlsx.
サブプロセス出力: This is most probably because the workbook source files contain some invalid XML.
サブプロセス出力: Please see the exception for more details.
サブプロセス出力: 共有文字列を抽出: 9968個
サブプロセス出力: シート発見: マスターデータ -> sheet1.xml
サブプロセス出力: シート発見: 明細データ -> sheet2.xml
サブプロセス出力: シートファイルを抽出: xl/worksheets/sheet2.xml (明細データ)
サブプロセス出力: 抽出したデータ: 2825行, サンプル: [['', '', '', '', '', '', '', '', '', '', '', ''], ['', '', '', '', '', '', '', '', '', '', '', '']]
サブプロセス出力: 作成したDataFrame: (2824, 12)
サブプロセス出力: 列の型: <class 'pandas.core.indexes.base.Index'>
サブプロセス出力: 最初の数列: ['', '', '', '', '']
サブプロセス出力: 強制変換完了: C:/Users/tomoh/Downloads/(層別活動用①)活動管理フォーム (2) 1.xlsx -> C:\Users\tomoh\Downloads\(層別活動用①)活動管理フォーム (2) 1.csv
サブプロセス出力: 行数: 2824, 列数: 12
サブプロセス出力: CSV変換完了: C:\Users\tomoh\Downloads\(層別活動用①)活動管理フォーム (2) 1.csv
サブプロセス出力: 変換されたCSVファイル: C:\Users\tomoh\Downloads\(層別活動用①)活動管理フォーム (2) 1.csv
サブプロセス出力: 2. 顧客リストとマッチング中...
サブプロセス出力: 顧客リストファイルを読み込み中: C:\Users\tomoh\Downloads\顧客リスト.csv
サブプロセス出力: 警告: 行 1 がヘッダーでないため削除対象とします
サブプロセス出力: 完了: 行 2 をヘッダーとして設定します
サブプロセス出力: 完了: 有効なデータ行数: 2822/2824
サブプロセス出力: 完了: マッチング結果: 521/2822 行がマッチしました
サブプロセス出力: 警告: 2301 行がマッチしなかったため削除します
サブプロセス出力: マッチング結果をExcelファイルに保存中: matched_activity.xlsx
サブプロセス出力: 完了: 企業マッチング完了: matched_activity.xlsx
サブプロセス出力: マッチングされた行数: 521行
サブプロセス出力: 3. マツリカ取込用CSV生成中...
サブプロセス出力: マツリカCSV生成完了: 521行
サブプロセス出力: 出力ファイルに保存中: C:\Users\tomoh\OneDrive - Konica Minolta\12.code\webmatsurika\customer_action_import_format.csv
サブプロセス出力: 完了: マツリカCSV生成完了: C:\Users\tomoh\OneDrive - Konica Minolta\12.code\webmatsurika\customer_action_import_format.csv
サブプロセス出力: === 処理が正常に完了しました ===
サブプロセス出力: 最終出力ファイル: C:\Users\tomoh\OneDrive - Konica Minolta\12.code\webmatsurika\customer_action_import_format.csv
サブプロセス出力: 出力ファイルサイズ: 170217 bytes
サブプロセス終了コード: 0
=== 処理が正常に完了しました ===
出力ファイル: C:\Users\tomoh\OneDrive - Konica Minolta\12.code\webmatsurika\customer_action_import_format.csv
=== 処理終了 ===
=== マツリカ変換処理開始 ===
入力ファイル: C:/Users/tomoh/Downloads/(層別活動用①)活動管理フォーム (2) 1.xlsx
顧客リスト: C:/Users/tomoh/Downloads/顧客リスト.csv
出力フォルダ: C:\Users\tomoh\OneDrive - Konica Minolta\12.code\webmatsurika
出力ファイル: C:\Users\tomoh\OneDrive - Konica Minolta\12.code\webmatsurika\customer_action_import_format.csv
実行コマンド: C:\Users\tomoh\AppData\Local\Programs\Python\Python312\python.exe matsurica_integrated_tool.py C:/Users/tomoh/Downloads/(層別活動用①)活動管理フォーム (2) 1.xlsx --customers C:/Users/tomoh/Downloads/顧客リスト.csv --output C:\Users\tomoh\OneDrive - Konica Minolta\12.code\webmatsurika\customer_action_import_format.csv
カレントディレクトリ: C:\Users\tomoh\OneDrive - Konica Minolta\12.code\webmatsurika
サブプロセス実行中...
サブプロセス出力: === マツリカ統合ツール処理開始 ===
サブプロセス出力: 入力ファイル: C:/Users/tomoh/Downloads/(層別活動用①)活動管理フォーム (2) 1.xlsx
サブプロセス出力: 顧客リスト: C:/Users/tomoh/Downloads/顧客リスト.csv
サブプロセス出力: 出力ファイル: C:\Users\tomoh\OneDrive - Konica Minolta\12.code\webmatsurika\customer_action_import_format.csv
サブプロセス出力: 1. ExcelファイルをCSVに変換中...
サブプロセス出力: 強制変換開始: C:/Users/tomoh/Downloads/(層別活動用①)活動管理フォーム (2) 1.xlsx
サブプロセス出力: 対象シート: 明細データ
サブプロセス出力: 通常の方法失敗: Unable to read workbook: could not read stylesheet from C:/Users/tomoh/Downloads/(層別活動用①)活動管理フォーム (2) 1.xlsx.
サブプロセス出力: This is most probably because the workbook source files contain some invalid XML.
サブプロセス出力: Please see the exception for more details.
サブプロセス出力: 最初のシートも失敗: Unable to read workbook: could not read stylesheet from C:/Users/tomoh/Downloads/(層別活動用①)活動管理フォーム (2) 1.xlsx.
サブプロセス出力: This is most probably because the workbook source files contain some invalid XML.
サブプロセス出力: Please see the exception for more details.
サブプロセス出力: 共有文字列を抽出: 9968個
サブプロセス出力: シート発見: マスターデータ -> sheet1.xml
サブプロセス出力: シート発見: 明細データ -> sheet2.xml
サブプロセス出力: シートファイルを抽出: xl/worksheets/sheet2.xml (明細データ)
サブプロセス出力: 抽出したデータ: 2825行, サンプル: [['', '', '', '', '', '', '', '', '', '', '', ''], ['', '', '', '', '', '', '', '', '', '', '', '']]
サブプロセス出力: 作成したDataFrame: (2824, 12)
サブプロセス出力: 列の型: <class 'pandas.core.indexes.base.Index'>
サブプロセス出力: 最初の数列: ['', '', '', '', '']
サブプロセス出力: 強制変換完了: C:/Users/tomoh/Downloads/(層別活動用①)活動管理フォーム (2) 1.xlsx -> C:\Users\tomoh\Downloads\(層別活動用①)活動管理フォーム (2) 1.csv
サブプロセス出力: 行数: 2824, 列数: 12
サブプロセス出力: CSV変換完了: C:\Users\tomoh\Downloads\(層別活動用①)活動管理フォーム (2) 1.csv
サブプロセス出力: 変換されたCSVファイル: C:\Users\tomoh\Downloads\(層別活動用①)活動管理フォーム (2) 1.csv
サブプロセス出力: 2. 顧客リストとマッチング中...
サブプロセス出力: 顧客リストファイルを読み込み中: C:\Users\tomoh\Downloads\顧客リスト.csv
サブプロセス出力: 警告: 行 1 がヘッダーでないため削除対象とします
サブプロセス出力: 完了: 行 2 をヘッダーとして設定します
サブプロセス出力: 完了: 有効なデータ行数: 2822/2824
サブプロセス出力: 完了: マッチング結果: 521/2822 行がマッチしました
サブプロセス出力: 警告: 2301 行がマッチしなかったため削除します
サブプロセス出力: マッチング結果をExcelファイルに保存中: matched_activity.xlsx
サブプロセス出力: 完了: 企業マッチング完了: matched_activity.xlsx
サブプロセス出力: マッチングされた行数: 521行
サブプロセス出力: 3. マツリカ取込用CSV生成中...
サブプロセス出力: 警告: 活動日列に1970/1/1が含まれています: 45912
サブプロセス出力: デフォルト日付を使用: 2025-09-24
サブプロセス出力: 警告: 活動日列に1970/1/1が含まれています: 45912
サブプロセス出力: デフォルト日付を使用: 2025-09-24
サブプロセス出力: 警告: 活動日列に1970/1/1が含まれています: 45912
サブプロセス出力: デフォルト日付を使用: 2025-09-24
サブプロセス出力: 警告: 活動日列に1970/1/1が含まれています: 45912
サブプロセス出力: デフォルト日付を使用: 2025-09-24
サブプロセス出力: 警告: 活動日列に1970/1/1が含まれています: 45912
サブプロセス出力: デフォルト日付を使用: 2025-09-24
サブプロセス出力: 警告: 活動日列に1970/1/1が含まれています: 45912
サブプロセス出力: デフォルト日付を使用: 2025-09-24
サブプロセス出力: 警告: 活動日列に1970/1/1が含まれています: 45912
サブプロセス出力: デフォルト日付を使用: 2025-09-24
サブプロセス出力: 警告: 活動日列に1970/1/1が含まれています: 45911
サブプロセス出力: デフォルト日付を使用: 2025-09-24
サブプロセス出力: 警告: 活動日列に1970/1/1が含まれています: 45911
サブプロセス出力: デフォルト日付を使用: 2025-09-24
サブプロセス出力: 警告: 活動日列に1970/1/1が含まれています: 45911
サブプロセス出力: デフォルト日付を使用: 2025-09-24
サブプロセス出力: 警告: 活動日列に1970/1/1が含まれています: 45911
サブプロセス出力: デフォルト日付を使用: 2025-09-24
サブプロセス出力: 警告: 活動日列に1970/1/1が含まれています: 45911
サブプロセス出力: デフォルト日付を使用: 2025-09-24
サブプロセス出力: 警告: 活動日列に1970/1/1が含まれています: 45911
サブプロセス出力: デフォルト日付を使用: 2025-09-24
サブプロセス出力: 警告: 活動日列に1970/1/1が含まれています: 45910
サブプロセス出力: デフォルト日付を使用: 2025-09-24
サブプロセス出力: 警告: 活動日列に1970/1/1が含まれています: 45910
サブプロセス出力: デフォルト日付を使用: 2025-09-24
サブプロセス出力: 警告: 活動日列に1970/1/1が含まれています: 45910
サブプロセス出力: デフォルト日付を使用: 2025-09-24
サブプロセス出力: 警告: 活動日列に1970/1/1が含まれています: 45910
サブプロセス出力: デフォルト日付を使用: 2025-09-24
サブプロセス出力: 警告: 活動日列に1970/1/1が含まれています: 45910
サブプロセス出力: デフォルト日付を使用: 2025-09-24
サブプロセス出力: 警告: 活動日列に1970/1/1が含まれています: 45910
サブプロセス出力: デフォルト日付を使用: 2025-09-24
サブプロセス出力: 警告: 活動日列に1970/1/1が含まれています: 45909
サブプロセス出力: デフォルト日付を使用: 2025-09-24
サブプロセス出力: 警告: 活動日列に1970/1/1が含まれています: 45909
サブプロセス出力: デフォルト日付を使用: 2025-09-24
サブプロセス出力: 警告: 活動日列に1970/1/1が含まれています: 45909
サブプロセス出力: デフォルト日付を使用: 2025-09-24
サブプロセス出力: 警告: 活動日列に1970/1/1が含まれています: 45909
サブプロセス出力: デフォルト日付を使用: 2025-09-24
サブプロセス出力: 警告: 活動日列に1970/1/1が含まれています: 45909
サブプロセス出力: デフォルト日付を使用: 2025-09-24
サブプロセス出力: 警告: 活動日列に1970/1/1が含まれています: 45909
サブプロセス出力: デフォルト日付を使用: 2025-09-24
サブプロセス出力: 警告: 活動日列に1970/1/1が含まれています: 45909
サブプロセス出力: デフォルト日付を使用: 2025-09-24
サブプロセス出力: 警告: 活動日列に1970/1/1が含まれています: 45909
サブプロセス出力: デフォルト日付を使用: 2025-09-24
サブプロセス出力: 警告: 活動日列に1970/1/1が含まれています: 45908
サブプロセス出力: デフォルト日付を使用: 2025-09-24
サブプロセス出力: 警告: 活動日列に1970/1/1が含まれています: 45908
サブプロセス出力: デフォルト日付を使用: 2025-09-24
サブプロセス出力: 警告: 活動日列に1970/1/1が含まれています: 45908
サブプロセス出力: デフォルト日付を使用: 2025-09-24
サブプロセス出力: 警告: 活動日列に1970/1/1が含まれています: 45908
サブプロセス出力: デフォルト日付を使用: 2025-09-24
サブプロセス出力: 警告: 活動日列に1970/1/1が含まれています: 45908
サブプロセス出力: デフォルト日付を使用: 2025-09-24
サブプロセス出力: 警告: 活動日列に1970/1/1が含まれています: 45905
サブプロセス出力: デフォルト日付を使用: 2025-09-24
サブプロセス出力: 警告: 活動日列に1970/1/1が含まれています: 45905
サブプロセス出力: デフォルト日付を使用: 2025-09-24
サブプロセス出力: 警告: 活動日列に1970/1/1が含まれています: 45905
サブプロセス出力: デフォルト日付を使用: 2025-09-24
サブプロセス出力: 警告: 活動日列に1970/1/1が含まれています: 45905
サブプロセス出力: デフォルト日付を使用: 2025-09-24
サブプロセス出力: 警告: 活動日列に1970/1/1が含まれています: 45905
サブプロセス出力: デフォルト日付を使用: 2025-09-24
サブプロセス出力: 警告: 活動日列に1970/1/1が含まれています: 45905
サブプロセス出力: デフォルト日付を使用: 2025-09-24
サブプロセス出力: 警告: 活動日列に1970/1/1が含まれています: 45904
サブプロセス出力: デフォルト日付を使用: 2025-09-24
サブプロセス出力: 警告: 活動日列に1970/1/1が含まれています: 45904
サブプロセス出力: デフォルト日付を使用: 2025-09-24
サブプロセス出力: 警告: 活動日列に1970/1/1が含まれています: 45904
サブプロセス出力: デフォルト日付を使用: 2025-09-24
サブプロセス出力: 警告: 活動日列に1970/1/1が含まれています: 45904
サブプロセス出力: デフォルト日付を使用: 2025-09-24
サブプロセス出力: 警告: 活動日列に1970/1/1が含まれています: 45904
サブプロセス出力: デフォルト日付を使用: 2025-09-24
サブプロセス出力: 警告: 活動日列に1970/1/1が含まれています: 45903
サブプロセス出力: デフォルト日付を使用: 2025-09-24
サブプロセス出力: 警告: 活動日列に1970/1/1が含まれています: 45903
サブプロセス出力: デフォルト日付を使用: 2025-09-24
サブプロセス出力: 警告: 活動日列に1970/1/1が含まれています: 45903
サブプロセス出力: デフォルト日付を使用: 2025-09-24
サブプロセス出力: 警告: 活動日列に1970/1/1が含まれています: 45903
サブプロセス出力: デフォルト日付を使用: 2025-09-24
サブプロセス出力: 警告: 活動日列に1970/1/1が含まれています: 45903
サブプロセス出力: デフォルト日付を使用: 2025-09-24
サブプロセス出力: 警告: 活動日列に1970/1/1が含まれています: 45902
サブプロセス出力: デフォルト日付を使用: 2025-09-24
サブプロセス出力: 警告: 活動日列に1970/1/1が含まれています: 45902
サブプロセス出力: デフォルト日付を使用: 2025-09-24
サブプロセス出力: 警告: 活動日列に1970/1/1が含まれています: 45902
サブプロセス出力: デフォルト日付を使用: 2025-09-24
サブプロセス出力: 警告: 活動日列に1970/1/1が含まれています: 45902
サブプロセス出力: デフォルト日付を使用: 2025-09-24
サブプロセス出力: 警告: 活動日列に1970/1/1が含まれています: 45902
サブプロセス出力: デフォルト日付を使用: 2025-09-24
サブプロセス出力: 警告: 活動日列に1970/1/1が含まれています: 45902
サブプロセス出力: デフォルト日付を使用: 2025-09-24
サブプロセス出力: 警告: 活動日列に1970/1/1が含まれています: 45902
サブプロセス出力: デフォルト日付を使用: 2025-09-24
サブプロセス出力: 警告: 活動日列に1970/1/1が含まれています: 45902
サブプロセス出力: デフォルト日付を使用: 2025-09-24
サブプロセス出力: 警告: 活動日列に1970/1/1が含まれています: 45902
サブプロセス出力: デフォルト日付を使用: 2025-09-24
サブプロセス出力: 警告: 活動日列に1970/1/1が含まれています: 45902
サブプロセス出力: デフォルト日付を使用: 2025-09-24
サブプロセス出力: 警告: 活動日列に1970/1/1が含まれています: 45902
サブプロセス出力: デフォルト日付を使用: 2025-09-24
サブプロセス出力: 警告: 活動日列に1970/1/1が含まれています: 45901
サブプロセス出力: デフォルト日付を使用: 2025-09-24
サブプロセス出力: 警告: 活動日列に1970/1/1が含まれています: 45901
サブプロセス出力: デフォルト日付を使用: 2025-09-24
サブプロセス出力: 警告: 活動日列に1970/1/1が含まれています: 45901
サブプロセス出力: デフォルト日付を使用: 2025-09-24
サブプロセス出力: 警告: 活動日列に1970/1/1が含まれています: 45901
サブプロセス出力: デフォルト日付を使用: 2025-09-24
サブプロセス出力: 警告: 活動日列に1970/1/1が含まれています: 45901
サブプロセス出力: デフォルト日付を使用: 2025-09-24
サブプロセス出力: 警告: 活動日列に1970/1/1が含まれています: 45899
サブプロセス出力: デフォルト日付を使用: 2025-09-24
サブプロセス出力: 警告: 活動日列に1970/1/1が含まれています: 45898
サブプロセス出力: デフォルト日付を使用: 2025-09-24
サブプロセス出力: 警告: 活動日列に1970/1/1が含まれています: 45898
サブプロセス出力: デフォルト日付を使用: 2025-09-24
サブプロセス出力: 警告: 活動日列に1970/1/1が含まれています: 45898
サブプロセス出力: デフォルト日付を使用: 2025-09-24
サブプロセス出力: 警告: 活動日列に1970/1/1が含まれています: 45898
サブプロセス出力: デフォルト日付を使用: 2025-09-24
サブプロセス出力: 警告: 活動日列に1970/1/1が含まれています: 45898
サブプロセス出力: デフォルト日付を使用: 2025-09-24
サブプロセス出力: 警告: 活動日列に1970/1/1が含まれています: 45897
サブプロセス出力: デフォルト日付を使用: 2025-09-24
サブプロセス出力: 警告: 活動日列に1970/1/1が含まれています: 45897
サブプロセス出力: デフォルト日付を使用: 2025-09-24
サブプロセス出力: 警告: 活動日列に1970/1/1が含まれています: 45897
サブプロセス出力: デフォルト日付を使用: 2025-09-24
サブプロセス出力: 警告: 活動日列に1970/1/1が含まれています: 45897
サブプロセス出力: デフォルト日付を使用: 2025-09-24
サブプロセス出力: 警告: 活動日列に1970/1/1が含まれています: 45897
サブプロセス出力: デフォルト日付を使用: 2025-09-24
サブプロセス出力: 警告: 活動日列に1970/1/1が含まれています: 45897
サブプロセス出力: デフォルト日付を使用: 2025-09-24
サブプロセス出力: 警告: 活動日列に1970/1/1が含まれています: 45897
サブプロセス出力: デフォルト日付を使用: 2025-09-24
サブプロセス出力: 警告: 活動日列に1970/1/1が含まれています: 45896
サブプロセス出力: デフォルト日付を使用: 2025-09-24
サブプロセス出力: 警告: 活動日列に1970/1/1が含まれています: 45896
サブプロセス出力: デフォルト日付を使用: 2025-09-24
サブプロセス出力: 警告: 活動日列に1970/1/1が含まれています: 45896
サブプロセス出力: デフォルト日付を使用: 2025-09-24
サブプロセス出力: 警告: 活動日列に1970/1/1が含まれています: 45896
サブプロセス出力: デフォルト日付を使用: 2025-09-24
サブプロセス出力: 警告: 活動日列に1970/1/1が含まれています: 45896
サブプロセス出力: デフォルト日付を使用: 2025-09-24
サブプロセス出力: 警告: 活動日列に1970/1/1が含まれています: 45896
サブプロセス出力: デフォルト日付を使用: 2025-09-24
サブプロセス出力: 警告: 活動日列に1970/1/1が含まれています: 45896
サブプロセス出力: デフォルト日付を使用: 2025-09-24
サブプロセス出力: 警告: 活動日列に1970/1/1が含まれています: 45896
サブプロセス出力: デフォルト日付を使用: 2025-09-24
サブプロセス出力: 警告: 活動日列に1970/1/1が含まれています: 45896
サブプロセス出力: デフォルト日付を使用: 2025-09-24
サブプロセス出力: 警告: 活動日列に1970/1/1が含まれています: 45896
サブプロセス出力: デフォルト日付を使用: 2025-09-24
サブプロセス出力: 警告: 活動日列に1970/1/1が含まれています: 45895
サブプロセス出力: デフォルト日付を使用: 2025-09-24
サブプロセス出力: 警告: 活動日列に1970/1/1が含まれています: 45895
サブプロセス出力: デフォルト日付を使用: 2025-09-24
サブプロセス出力: 警告: 活動日列に1970/1/1が含まれています: 45895
サブプロセス出力: デフォルト日付を使用: 2025-09-24
サブプロセス出力: 警告: 活動日列に1970/1/1が含まれています: 45895
サブプロセス出力: デフォルト日付を使用: 2025-09-24
サブプロセス出力: 警告: 活動日列に1970/1/1が含まれています: 45895
サブプロセス出力: デフォルト日付を使用: 2025-09-24
サブプロセス出力: 警告: 活動日列に1970/1/1が含まれています: 45895
サブプロセス出力: デフォルト日付を使用: 2025-09-24
サブプロセス出力: 警告: 活動日列に1970/1/1が含まれています: 45895
サブプロセス出力: デフォルト日付を使用: 2025-09-24
サブプロセス出力: 警告: 活動日列に1970/1/1が含まれています: 45894
サブプロセス出力: デフォルト日付を使用: 2025-09-24
サブプロセス出力: 警告: 活動日列に1970/1/1が含まれています: 45894
サブプロセス出力: デフォルト日付を使用: 2025-09-24
サブプロセス出力: 警告: 活動日列に1970/1/1が含まれています: 45894
サブプロセス出力: デフォルト日付を使用: 2025-09-24
サブプロセス出力: 警告: 活動日列に1970/1/1が含まれています: 45894
サブプロセス出力: デフォルト日付を使用: 2025-09-24
サブプロセス出力: 警告: 活動日列に1970/1/1が含まれています: 45894
サブプロセス出力: デフォルト日付を使用: 2025-09-24
サブプロセス出力: 警告: 活動日列に1970/1/1が含まれています: 45894
サブプロセス出力: デフォルト日付を使用: 2025-09-24
サブプロセス出力: 警告: 活動日列に1970/1/1が含まれています: 45891
サブプロセス出力: デフォルト日付を使用: 2025-09-24
サブプロセス出力: 警告: 活動日列に1970/1/1が含まれています: 45891
サブプロセス出力: デフォルト日付を使用: 2025-09-24
サブプロセス出力: 警告: 活動日列に1970/1/1が含まれています: 45891
サブプロセス出力: デフォルト日付を使用: 2025-09-24
サブプロセス出力: 警告: 活動日列に1970/1/1が含まれています: 45890
サブプロセス出力: デフォルト日付を使用: 2025-09-24
サブプロセス出力: 警告: 活動日列に1970/1/1が含まれています: 45890
サブプロセス出力: デフォルト日付を使用: 2025-09-24
サブプロセス出力: 警告: 活動日列に1970/1/1が含まれています: 45890
サブプロセス出力: デフォルト日付を使用: 2025-09-24
サブプロセス出力: 警告: 活動日列に1970/1/1が含まれています: 45890
サブプロセス出力: デフォルト日付を使用: 2025-09-24
サブプロセス出力: 警告: 活動日列に1970/1/1が含まれています: 45890
サブプロセス出力: デフォルト日付を使用: 2025-09-24
サブプロセス出力: 警告: 活動日列に1970/1/1が含まれています: 45889
サブプロセス出力: デフォルト日付を使用: 2025-09-24
サブプロセス出力: 警告: 活動日列に1970/1/1が含まれています: 45889
サブプロセス出力: デフォルト日付を使用: 2025-09-24
サブプロセス出力: 警告: 活動日列に1970/1/1が含まれています: 45889
サブプロセス出力: デフォルト日付を使用: 2025-09-24
サブプロセス出力: 警告: 活動日列に1970/1/1が含まれています: 45889
サブプロセス出力: デフォルト日付を使用: 2025-09-24
サブプロセス出力: 警告: 活動日列に1970/1/1が含まれています: 45889
サブプロセス出力: デフォルト日付を使用: 2025-09-24
サブプロセス出力: 警告: 活動日列に1970/1/1が含まれています: 45888
サブプロセス出力: デフォルト日付を使用: 2025-09-24
サブプロセス出力: 警告: 活動日列に1970/1/1が含まれています: 45888
サブプロセス出力: デフォルト日付を使用: 2025-09-24
サブプロセス出力: 警告: 活動日列に1970/1/1が含まれています: 45888
サブプロセス出力: デフォルト日付を使用: 2025-09-24
サブプロセス出力: 警告: 活動日列に1970/1/1が含まれています: 45888
サブプロセス出力: デフォルト日付を使用: 2025-09-24
サブプロセス出力: 警告: 活動日列に1970/1/1が含まれています: 45888
サブプロセス出力: デフォルト日付を使用: 2025-09-24
サブプロセス出力: 警告: 活動日列に1970/1/1が含まれています: 45888
サブプロセス出力: デフォルト日付を使用: 2025-09-24
サブプロセス出力: 警告: 活動日列に1970/1/1が含まれています: 45887
サブプロセス出力: デフォルト日付を使用: 2025-09-24
サブプロセス出力: 警告: 活動日列に1970/1/1が含まれています: 45887
サブプロセス出力: デフォルト日付を使用: 2025-09-24
サブプロセス出力: 警告: 活動日列に1970/1/1が含まれています: 45887
サブプロセス出力: デフォルト日付を使用: 2025-09-24
サブプロセス出力: 警告: 活動日列に1970/1/1が含まれています: 45887
サブプロセス出力: デフォルト日付を使用: 2025-09-24
サブプロセス出力: 警告: 活動日列に1970/1/1が含まれています: 45881
サブプロセス出力: デフォルト日付を使用: 2025-09-24
サブプロセス出力: 警告: 活動日列に1970/1/1が含まれています: 45881
サブプロセス出力: デフォルト日付を使用: 2025-09-24
サブプロセス出力: 警告: 活動日列に1970/1/1が含まれています: 45878
サブプロセス出力: デフォルト日付を使用: 2025-09-24
サブプロセス出力: 警告: 活動日列に1970/1/1が含まれています: 45877
サブプロセス出力: デフォルト日付を使用: 2025-09-24
サブプロセス出力: 警告: 活動日列に1970/1/1が含まれています: 45877
サブプロセス出力: デフォルト日付を使用: 2025-09-24
サブプロセス出力: 警告: 活動日列に1970/1/1が含まれています: 45877
サブプロセス出力: デフォルト日付を使用: 2025-09-24
サブプロセス出力: 警告: 活動日列に1970/1/1が含まれています: 45877
サブプロセス出力: デフォルト日付を使用: 2025-09-24
サブプロセス出力: 警告: 活動日列に1970/1/1が含まれています: 45876
サブプロセス出力: デフォルト日付を使用: 2025-09-24
サブプロセス出力: 警告: 活動日列に1970/1/1が含まれています: 45876
サブプロセス出力: デフォルト日付を使用: 2025-09-24
サブプロセス出力: 警告: 活動日列に1970/1/1が含まれています: 45876
サブプロセス出力: デフォルト日付を使用: 2025-09-24
サブプロセス出力: 警告: 活動日列に1970/1/1が含まれています: 45876
サブプロセス出力: デフォルト日付を使用: 2025-09-24
サブプロセス出力: 警告: 活動日列に1970/1/1が含まれています: 45876
サブプロセス出力: デフォルト日付を使用: 2025-09-24
サブプロセス出力: 警告: 活動日列に1970/1/1が含まれています: 45876
サブプロセス出力: デフォルト日付を使用: 2025-09-24
サブプロセス出力: 警告: 活動日列に1970/1/1が含まれています: 45876
サブプロセス出力: デフォルト日付を使用: 2025-09-24
サブプロセス出力: 警告: 活動日列に1970/1/1が含まれています: 45876
サブプロセス出力: デフォルト日付を使用: 2025-09-24
サブプロセス出力: 警告: 活動日列に1970/1/1が含まれています: 45876
サブプロセス出力: デフォルト日付を使用: 2025-09-24
サブプロセス出力: 警告: 活動日列に1970/1/1が含まれています: 45875
サブプロセス出力: デフォルト日付を使用: 2025-09-24
サブプロセス出力: 警告: 活動日列に1970/1/1が含まれています: 45875
サブプロセス出力: デフォルト日付を使用: 2025-09-24
サブプロセス出力: 警告: 活動日列に1970/1/1が含まれています: 45875
サブプロセス出力: デフォルト日付を使用: 2025-09-24
サブプロセス出力: 警告: 活動日列に1970/1/1が含まれています: 45875
サブプロセス出力: デフォルト日付を使用: 2025-09-24
サブプロセス出力: 警告: 活動日列に1970/1/1が含まれています: 45874
サブプロセス出力: デフォルト日付を使用: 2025-09-24
サブプロセス出力: 警告: 活動日列に1970/1/1が含まれています: 45874
サブプロセス出力: デフォルト日付を使用: 2025-09-24
サブプロセス出力: 警告: 活動日列に1970/1/1が含まれています: 45874
サブプロセス出力: デフォルト日付を使用: 2025-09-24
サブプロセス出力: 警告: 活動日列に1970/1/1が含まれています: 45874
サブプロセス出力: デフォルト日付を使用: 2025-09-24
サブプロセス出力: 警告: 活動日列に1970/1/1が含まれています: 45874
サブプロセス出力: デフォルト日付を使用: 2025-09-24
サブプロセス出力: 警告: 活動日列に1970/1/1が含まれています: 45874
サブプロセス出力: デフォルト日付を使用: 2025-09-24
サブプロセス出力: 警告: 活動日列に1970/1/1が含まれています: 45873
サブプロセス出力: デフォルト日付を使用: 2025-09-24
サブプロセス出力: 警告: 活動日列に1970/1/1が含まれています: 45873
サブプロセス出力: デフォルト日付を使用: 2025-09-24
サブプロセス出力: 警告: 活動日列に1970/1/1が含まれています: 45873
サブプロセス出力: デフォルト日付を使用: 2025-09-24
サブプロセス出力: 警告: 活動日列に1970/1/1が含まれています: 45873
サブプロセス出力: デフォルト日付を使用: 2025-09-24
サブプロセス出力: 警告: 活動日列に1970/1/1が含まれています: 45873
サブプロセス出力: デフォルト日付を使用: 2025-09-24
サブプロセス出力: 警告: 活動日列に1970/1/1が含まれています: 45870
サブプロセス出力: デフォルト日付を使用: 2025-09-24
サブプロセス出力: 警告: 活動日列に1970/1/1が含まれています: 45870
サブプロセス出力: デフォルト日付を使用: 2025-09-24
サブプロセス出力: 警告: 活動日列に1970/1/1が含まれています: 45870
サブプロセス出力: デフォルト日付を使用: 2025-09-24
サブプロセス出力: 警告: 活動日列に1970/1/1が含まれています: 45870
サブプロセス出力: デフォルト日付を使用: 2025-09-24
サブプロセス出力: 警告: 活動日列に1970/1/1が含まれています: 45869
サブプロセス出力: デフォルト日付を使用: 2025-09-24
サブプロセス出力: 警告: 活動日列に1970/1/1が含まれています: 45869
サブプロセス出力: デフォルト日付を使用: 2025-09-24
サブプロセス出力: 警告: 活動日列に1970/1/1が含まれています: 45869
サブプロセス出力: デフォルト日付を使用: 2025-09-24
サブプロセス出力: 警告: 活動日列に1970/1/1が含まれています: 45869
サブプロセス出力: デフォルト日付を使用: 2025-09-24
サブプロセス出力: 警告: 活動日列に1970/1/1が含まれています: 45869
サブプロセス出力: デフォルト日付を使用: 2025-09-24
サブプロセス出力: 警告: 活動日列に1970/1/1が含まれています: 45868
サブプロセス出力: デフォルト日付を使用: 2025-09-24
サブプロセス出力: 警告: 活動日列に1970/1/1が含まれています: 45868
サブプロセス出力: デフォルト日付を使用: 2025-09-24
サブプロセス出力: 警告: 活動日列に1970/1/1が含まれています: 45868
サブプロセス出力: デフォルト日付を使用: 2025-09-24
サブプロセス出力: 警告: 活動日列に1970/1/1が含まれています: 45868
サブプロセス出力: デフォルト日付を使用: 2025-09-24
サブプロセス出力: 警告: 活動日列に1970/1/1が含まれています: 45868
サブプロセス出力: デフォルト日付を使用: 2025-09-24
サブプロセス出力: 警告: 活動日列に1970/1/1が含まれています: 45868
サブプロセス出力: デフォルト日付を使用: 2025-09-24
サブプロセス出力: 警告: 活動日列に1970/1/1が含まれています: 45867
サブプロセス出力: デフォルト日付を使用: 2025-09-24
サブプロセス出力: 警告: 活動日列に1970/1/1が含まれています: 45867
サブプロセス出力: デフォルト日付を使用: 2025-09-24
サブプロセス出力: 警告: 活動日列に1970/1/1が含まれています: 45866
サブプロセス出力: デフォルト日付を使用: 2025-09-24
サブプロセス出力: 警告: 活動日列に1970/1/1が含まれています: 45866
サブプロセス出力: デフォルト日付を使用: 2025-09-24
サブプロセス出力: 警告: 活動日列に1970/1/1が含まれています: 45866
サブプロセス出力: デフォルト日付を使用: 2025-09-24
サブプロセス出力: 警告: 活動日列に1970/1/1が含まれています: 45866
サブプロセス出力: デフォルト日付を使用: 2025-09-24
サブプロセス出力: 警告: 活動日列に1970/1/1が含まれています: 45866
サブプロセス出力: デフォルト日付を使用: 2025-09-24
サブプロセス出力: 警告: 活動日列に1970/1/1が含まれています: 45863
サブプロセス出力: デフォルト日付を使用: 2025-09-24
サブプロセス出力: 警告: 活動日列に1970/1/1が含まれています: 45863
サブプロセス出力: デフォルト日付を使用: 2025-09-24
サブプロセス出力: 警告: 活動日列に1970/1/1が含まれています: 45863
サブプロセス出力: デフォルト日付を使用: 2025-09-24
サブプロセス出力: 警告: 活動日列に1970/1/1が含まれています: 45863
サブプロセス出力: デフォルト日付を使用: 2025-09-24
サブプロセス出力: 警告: 活動日列に1970/1/1が含まれています: 45863
サブプロセス出力: デフォルト日付を使用: 2025-09-24
サブプロセス出力: 警告: 活動日列に1970/1/1が含まれています: 45863
サブプロセス出力: デフォルト日付を使用: 2025-09-24
サブプロセス出力: 警告: 活動日列に1970/1/1が含まれています: 45862
サブプロセス出力: デフォルト日付を使用: 2025-09-24
サブプロセス出力: 警告: 活動日列に1970/1/1が含まれています: 45862
サブプロセス出力: デフォルト日付を使用: 2025-09-24
サブプロセス出力: 警告: 活動日列に1970/1/1が含まれています: 45862
サブプロセス出力: デフォルト日付を使用: 2025-09-24
サブプロセス出力: 警告: 活動日列に1970/1/1が含まれています: 45861
サブプロセス出力: デフォルト日付を使用: 2025-09-24
サブプロセス出力: 警告: 活動日列に1970/1/1が含まれています: 45861
サブプロセス出力: デフォルト日付を使用: 2025-09-24
サブプロセス出力: 警告: 活動日列に1970/1/1が含まれています: 45861
サブプロセス出力: デフォルト日付を使用: 2025-09-24
サブプロセス出力: 警告: 活動日列に1970/1/1が含まれています: 45861
サブプロセス出力: デフォルト日付を使用: 2025-09-24
サブプロセス出力: 警告: 活動日列に1970/1/1が含まれています: 45860
サブプロセス出力: デフォルト日付を使用: 2025-09-24
サブプロセス出力: 警告: 活動日列に1970/1/1が含まれています: 45860
サブプロセス出力: デフォルト日付を使用: 2025-09-24
サブプロセス出力: 警告: 活動日列に1970/1/1が含まれています: 45860
サブプロセス出力: デフォルト日付を使用: 2025-09-24
サブプロセス出力: 警告: 活動日列に1970/1/1が含まれています: 45860
サブプロセス出力: デフォルト日付を使用: 2025-09-24
サブプロセス出力: 警告: 活動日列に1970/1/1が含まれています: 45860
サブプロセス出力: デフォルト日付を使用: 2025-09-24
サブプロセス出力: 警告: 活動日列に1970/1/1が含まれています: 45856
サブプロセス出力: デフォルト日付を使用: 2025-09-24
サブプロセス出力: 警告: 活動日列に1970/1/1が含まれています: 45856
サブプロセス出力: デフォルト日付を使用: 2025-09-24
サブプロセス出力: 警告: 活動日列に1970/1/1が含まれています: 45856
サブプロセス出力: デフォルト日付を使用: 2025-09-24
サブプロセス出力: 警告: 活動日列に1970/1/1が含まれています: 45856
サブプロセス出力: デフォルト日付を使用: 2025-09-24
サブプロセス出力: 警告: 活動日列に1970/1/1が含まれています: 45856
サブプロセス出力: デフォルト日付を使用: 2025-09-24
サブプロセス出力: 警告: 活動日列に1970/1/1が含まれています: 45856
サブプロセス出力: デフォルト日付を使用: 2025-09-24
サブプロセス出力: 警告: 活動日列に1970/1/1が含まれています: 45855
サブプロセス出力: デフォルト日付を使用: 2025-09-24
サブプロセス出力: 警告: 活動日列に1970/1/1が含まれています: 45855
サブプロセス出力: デフォルト日付を使用: 2025-09-24
サブプロセス出力: 警告: 活動日列に1970/1/1が含まれています: 45854
サブプロセス出力: デフォルト日付を使用: 2025-09-24
サブプロセス出力: 警告: 活動日列に1970/1/1が含まれています: 45854
サブプロセス出力: デフォルト日付を使用: 2025-09-24
サブプロセス出力: 警告: 活動日列に1970/1/1が含まれています: 45854
サブプロセス出力: デフォルト日付を使用: 2025-09-24
サブプロセス出力: 警告: 活動日列に1970/1/1が含まれています: 45854
サブプロセス出力: デフォルト日付を使用: 2025-09-24
サブプロセス出力: 警告: 活動日列に1970/1/1が含まれています: 45854
サブプロセス出力: デフォルト日付を使用: 2025-09-24
サブプロセス出力: 警告: 活動日列に1970/1/1が含まれています: 45854
サブプロセス出力: デフォルト日付を使用: 2025-09-24
サブプロセス出力: 警告: 活動日列に1970/1/1が含まれています: 45853
サブプロセス出力: デフォルト日付を使用: 2025-09-24
サブプロセス出力: 警告: 活動日列に1970/1/1が含まれています: 45853
サブプロセス出力: デフォルト日付を使用: 2025-09-24
サブプロセス出力: 警告: 活動日列に1970/1/1が含まれています: 45853
サブプロセス出力: デフォルト日付を使用: 2025-09-24
サブプロセス出力: 警告: 活動日列に1970/1/1が含まれています: 45852
サブプロセス出力: デフォルト日付を使用: 2025-09-24
サブプロセス出力: 警告: 活動日列に1970/1/1が含まれています: 45849
サブプロセス出力: デフォルト日付を使用: 2025-09-24
サブプロセス出力: 警告: 活動日列に1970/1/1が含まれています: 45849
サブプロセス出力: デフォルト日付を使用: 2025-09-24
サブプロセス出力: 警告: 活動日列に1970/1/1が含まれています: 45849
サブプロセス出力: デフォルト日付を使用: 2025-09-24
サブプロセス出力: 警告: 活動日列に1970/1/1が含まれています: 45849
サブプロセス出力: デフォルト日付を使用: 2025-09-24
サブプロセス出力: 警告: 活動日列に1970/1/1が含まれています: 45849
サブプロセス出力: デフォルト日付を使用: 2025-09-24
サブプロセス出力: 警告: 活動日列に1970/1/1が含まれています: 45848
サブプロセス出力: デフォルト日付を使用: 2025-09-24
サブプロセス出力: 警告: 活動日列に1970/1/1が含まれています: 45848
サブプロセス出力: デフォルト日付を使用: 2025-09-24
サブプロセス出力: 警告: 活動日列に1970/1/1が含まれています: 45848
サブプロセス出力: デフォルト日付を使用: 2025-09-24
サブプロセス出力: 警告: 活動日列に1970/1/1が含まれています: 45848
サブプロセス出力: デフォルト日付を使用: 2025-09-24
サブプロセス出力: 警告: 活動日列に1970/1/1が含まれています: 45848
サブプロセス出力: デフォルト日付を使用: 2025-09-24
サブプロセス出力: 警告: 活動日列に1970/1/1が含まれています: 45847
サブプロセス出力: デフォルト日付を使用: 2025-09-24
サブプロセス出力: 警告: 活動日列に1970/1/1が含まれています: 45847
サブプロセス出力: デフォルト日付を使用: 2025-09-24
サブプロセス出力: 警告: 活動日列に1970/1/1が含まれています: 45847
サブプロセス出力: デフォルト日付を使用: 2025-09-24
サブプロセス出力: 警告: 活動日列に1970/1/1が含まれています: 45847
サブプロセス出力: デフォルト日付を使用: 2025-09-24
サブプロセス出力: 警告: 活動日列に1970/1/1が含まれています: 45847
サブプロセス出力: デフォルト日付を使用: 2025-09-24
サブプロセス出力: 警告: 活動日列に1970/1/1が含まれています: 45846
サブプロセス出力: デフォルト日付を使用: 2025-09-24
サブプロセス出力: 警告: 活動日列に1970/1/1が含まれています: 45846
サブプロセス出力: デフォルト日付を使用: 2025-09-24
サブプロセス出力: 警告: 活動日列に1970/1/1が含まれています: 45846
サブプロセス出力: デフォルト日付を使用: 2025-09-24
サブプロセス出力: 警告: 活動日列に1970/1/1が含まれています: 45846
サブプロセス出力: デフォルト日付を使用: 2025-09-24
サブプロセス出力: 警告: 活動日列に1970/1/1が含まれています: 45846
サブプロセス出力: デフォルト日付を使用: 2025-09-24
サブプロセス出力: 警告: 活動日列に1970/1/1が含まれています: 45845
サブプロセス出力: デフォルト日付を使用: 2025-09-24
サブプロセス出力: 警告: 活動日列に1970/1/1が含まれています: 45845
サブプロセス出力: デフォルト日付を使用: 2025-09-24
サブプロセス出力: 警告: 活動日列に1970/1/1が含まれています: 45845
サブプロセス出力: デフォルト日付を使用: 2025-09-24
サブプロセス出力: 警告: 活動日列に1970/1/1が含まれています: 45845
サブプロセス出力: デフォルト日付を使用: 2025-09-24
サブプロセス出力: 警告: 活動日列に1970/1/1が含まれています: 45845
サブプロセス出力: デフォルト日付を使用: 2025-09-24
サブプロセス出力: 警告: 活動日列に1970/1/1が含まれています: 45845
サブプロセス出力: デフォルト日付を使用: 2025-09-24
サブプロセス出力: 警告: 活動日列に1970/1/1が含まれています: 45845
サブプロセス出力: デフォルト日付を使用: 2025-09-24
サブプロセス出力: 警告: 活動日列に1970/1/1が含まれています: 45845
サブプロセス出力: デフォルト日付を使用: 2025-09-24
サブプロセス出力: 警告: 活動日列に1970/1/1が含まれています: 45845
サブプロセス出力: デフォルト日付を使用: 2025-09-24
サブプロセス出力: 警告: 活動日列に1970/1/1が含まれています: 45842
サブプロセス出力: デフォルト日付を使用: 2025-09-24
サブプロセス出力: 警告: 活動日列に1970/1/1が含まれています: 45842
サブプロセス出力: デフォルト日付を使用: 2025-09-24
サブプロセス出力: 警告: 活動日列に1970/1/1が含まれています: 45842
サブプロセス出力: デフォルト日付を使用: 2025-09-24
サブプロセス出力: 警告: 活動日列に1970/1/1が含まれています: 45842
サブプロセス出力: デフォルト日付を使用: 2025-09-24
サブプロセス出力: 警告: 活動日列に1970/1/1が含まれています: 45842
サブプロセス出力: デフォルト日付を使用: 2025-09-24
サブプロセス出力: 警告: 活動日列に1970/1/1が含まれています: 45842
サブプロセス出力: デフォルト日付を使用: 2025-09-24
サブプロセス出力: 警告: 活動日列に1970/1/1が含まれています: 45842
サブプロセス出力: デフォルト日付を使用: 2025-09-24
サブプロセス出力: 警告: 活動日列に1970/1/1が含まれています: 45841
サブプロセス出力: デフォルト日付を使用: 2025-09-24
サブプロセス出力: 警告: 活動日列に1970/1/1が含まれています: 45841
サブプロセス出力: デフォルト日付を使用: 2025-09-24
サブプロセス出力: 警告: 活動日列に1970/1/1が含まれています: 45841
サブプロセス出力: デフォルト日付を使用: 2025-09-24
サブプロセス出力: 警告: 活動日列に1970/1/1が含まれています: 45841
サブプロセス出力: デフォルト日付を使用: 2025-09-24
サブプロセス出力: 警告: 活動日列に1970/1/1が含まれています: 45841
サブプロセス出力: デフォルト日付を使用: 2025-09-24
サブプロセス出力: 警告: 活動日列に1970/1/1が含まれています: 45841
サブプロセス出力: デフォルト日付を使用: 2025-09-24
サブプロセス出力: 警告: 活動日列に1970/1/1が含まれています: 45840
サブプロセス出力: デフォルト日付を使用: 2025-09-24
サブプロセス出力: 警告: 活動日列に1970/1/1が含まれています: 45840
サブプロセス出力: デフォルト日付を使用: 2025-09-24
サブプロセス出力: 警告: 活動日列に1970/1/1が含まれています: 45840
サブプロセス出力: デフォルト日付を使用: 2025-09-24
サブプロセス出力: 警告: 活動日列に1970/1/1が含まれています: 45840
サブプロセス出力: デフォルト日付を使用: 2025-09-24
サブプロセス出力: 警告: 活動日列に1970/1/1が含まれています: 45840
サブプロセス出力: デフォルト日付を使用: 2025-09-24
サブプロセス出力: 警告: 活動日列に1970/1/1が含まれています: 45840
サブプロセス出力: デフォルト日付を使用: 2025-09-24
サブプロセス出力: 警告: 活動日列に1970/1/1が含まれています: 45840
サブプロセス出力: デフォルト日付を使用: 2025-09-24
サブプロセス出力: 警告: 活動日列に1970/1/1が含まれています: 45840
サブプロセス出力: デフォルト日付を使用: 2025-09-24
サブプロセス出力: 警告: 活動日列に1970/1/1が含まれています: 45840
サブプロセス出力: デフォルト日付を使用: 2025-09-24
サブプロセス出力: 警告: 活動日列に1970/1/1が含まれています: 45840
サブプロセス出力: デフォルト日付を使用: 2025-09-24
サブプロセス出力: 警告: 活動日列に1970/1/1が含まれています: 45840
サブプロセス出力: デフォルト日付を使用: 2025-09-24
サブプロセス出力: 警告: 活動日列に1970/1/1が含まれています: 45840
サブプロセス出力: デフォルト日付を使用: 2025-09-24
サブプロセス出力: 警告: 活動日列に1970/1/1が含まれています: 45839
サブプロセス出力: デフォルト日付を使用: 2025-09-24
サブプロセス出力: 警告: 活動日列に1970/1/1が含まれています: 45839
サブプロセス出力: デフォルト日付を使用: 2025-09-24
サブプロセス出力: 警告: 活動日列に1970/1/1が含まれています: 45839
サブプロセス出力: デフォルト日付を使用: 2025-09-24
サブプロセス出力: 警告: 活動日列に1970/1/1が含まれています: 45839
サブプロセス出力: デフォルト日付を使用: 2025-09-24
サブプロセス出力: 警告: 活動日列に1970/1/1が含まれています: 45839
サブプロセス出力: デフォルト日付を使用: 2025-09-24
サブプロセス出力: 警告: 活動日列に1970/1/1が含まれています: 45839
サブプロセス出力: デフォルト日付を使用: 2025-09-24
サブプロセス出力: 警告: 活動日列に1970/1/1が含まれています: 45838
サブプロセス出力: デフォルト日付を使用: 2025-09-24
サブプロセス出力: 警告: 活動日列に1970/1/1が含まれています: 45838
サブプロセス出力: デフォルト日付を使用: 2025-09-24
サブプロセス出力: 警告: 活動日列に1970/1/1が含まれています: 45838
サブプロセス出力: デフォルト日付を使用: 2025-09-24
サブプロセス出力: 警告: 活動日列に1970/1/1が含まれています: 45838
サブプロセス出力: デフォルト日付を使用: 2025-09-24
サブプロセス出力: 警告: 活動日列に1970/1/1が含まれています: 45836
サブプロセス出力: デフォルト日付を使用: 2025-09-24
サブプロセス出力: 警告: 活動日列に1970/1/1が含まれています: 45835
サブプロセス出力: デフォルト日付を使用: 2025-09-24
サブプロセス出力: 警告: 活動日列に1970/1/1が含まれています: 45835
サブプロセス出力: デフォルト日付を使用: 2025-09-24
サブプロセス出力: 警告: 活動日列に1970/1/1が含まれています: 45835
サブプロセス出力: デフォルト日付を使用: 2025-09-24
サブプロセス出力: 警告: 活動日列に1970/1/1が含まれています: 45835
サブプロセス出力: デフォルト日付を使用: 2025-09-24
サブプロセス出力: 警告: 活動日列に1970/1/1が含まれています: 45835
サブプロセス出力: デフォルト日付を使用: 2025-09-24
サブプロセス出力: 警告: 活動日列に1970/1/1が含まれています: 45834
サブプロセス出力: デフォルト日付を使用: 2025-09-24
サブプロセス出力: 警告: 活動日列に1970/1/1が含まれています: 45834
サブプロセス出力: デフォルト日付を使用: 2025-09-24
サブプロセス出力: 警告: 活動日列に1970/1/1が含まれています: 45834
サブプロセス出力: デフォルト日付を使用: 2025-09-24
サブプロセス出力: 警告: 活動日列に1970/1/1が含まれています: 45834
サブプロセス出力: デフォルト日付を使用: 2025-09-24
サブプロセス出力: 警告: 活動日列に1970/1/1が含まれています: 45833
サブプロセス出力: デフォルト日付を使用: 2025-09-24
サブプロセス出力: 警告: 活動日列に1970/1/1が含まれています: 45833
サブプロセス出力: デフォルト日付を使用: 2025-09-24
サブプロセス出力: 警告: 活動日列に1970/1/1が含まれています: 45833
サブプロセス出力: デフォルト日付を使用: 2025-09-24
サブプロセス出力: 警告: 活動日列に1970/1/1が含まれています: 45833
サブプロセス出力: デフォルト日付を使用: 2025-09-24
サブプロセス出力: 警告: 活動日列に1970/1/1が含まれています: 45833
サブプロセス出力: デフォルト日付を使用: 2025-09-24
サブプロセス出力: 警告: 活動日列に1970/1/1が含まれています: 45833
サブプロセス出力: デフォルト日付を使用: 2025-09-24
サブプロセス出力: 警告: 活動日列に1970/1/1が含まれています: 45833
サブプロセス出力: デフォルト日付を使用: 2025-09-24
サブプロセス出力: 警告: 活動日列に1970/1/1が含まれています: 45833
サブプロセス出力: デフォルト日付を使用: 2025-09-24
サブプロセス出力: 警告: 活動日列に1970/1/1が含まれています: 45832
サブプロセス出力: デフォルト日付を使用: 2025-09-24
サブプロセス出力: 警告: 活動日列に1970/1/1が含まれています: 45832
サブプロセス出力: デフォルト日付を使用: 2025-09-24
サブプロセス出力: 警告: 活動日列に1970/1/1が含まれています: 45832
サブプロセス出力: デフォルト日付を使用: 2025-09-24
サブプロセス出力: 警告: 活動日列に1970/1/1が含まれています: 45832
サブプロセス出力: デフォルト日付を使用: 2025-09-24
サブプロセス出力: 警告: 活動日列に1970/1/1が含まれています: 45832
サブプロセス出力: デフォルト日付を使用: 2025-09-24
サブプロセス出力: 警告: 活動日列に1970/1/1が含まれています: 45831
サブプロセス出力: デフォルト日付を使用: 2025-09-24
サブプロセス出力: 警告: 活動日列に1970/1/1が含まれています: 45831
サブプロセス出力: デフォルト日付を使用: 2025-09-24
サブプロセス出力: 警告: 活動日列に1970/1/1が含まれています: 45831
サブプロセス出力: デフォルト日付を使用: 2025-09-24
サブプロセス出力: 警告: 活動日列に1970/1/1が含まれています: 45831
サブプロセス出力: デフォルト日付を使用: 2025-09-24
サブプロセス出力: 警告: 活動日列に1970/1/1が含まれています: 45828
サブプロセス出力: デフォルト日付を使用: 2025-09-24
サブプロセス出力: 警告: 活動日列に1970/1/1が含まれています: 45828
サブプロセス出力: デフォルト日付を使用: 2025-09-24
サブプロセス出力: 警告: 活動日列に1970/1/1が含まれています: 45828
サブプロセス出力: デフォルト日付を使用: 2025-09-24
サブプロセス出力: 警告: 活動日列に1970/1/1が含まれています: 45827
サブプロセス出力: デフォルト日付を使用: 2025-09-24
サブプロセス出力: 警告: 活動日列に1970/1/1が含まれています: 45826
サブプロセス出力: デフォルト日付を使用: 2025-09-24
サブプロセス出力: 警告: 活動日列に1970/1/1が含まれています: 45826
サブプロセス出力: デフォルト日付を使用: 2025-09-24
サブプロセス出力: 警告: 活動日列に1970/1/1が含まれています: 45826
サブプロセス出力: デフォルト日付を使用: 2025-09-24
サブプロセス出力: 警告: 活動日列に1970/1/1が含まれています: 45825
サブプロセス出力: デフォルト日付を使用: 2025-09-24
サブプロセス出力: 警告: 活動日列に1970/1/1が含まれています: 45825
サブプロセス出力: デフォルト日付を使用: 2025-09-24
サブプロセス出力: 警告: 活動日列に1970/1/1が含まれています: 45825
サブプロセス出力: デフォルト日付を使用: 2025-09-24
サブプロセス出力: 警告: 活動日列に1970/1/1が含まれています: 45825
サブプロセス出力: デフォルト日付を使用: 2025-09-24
サブプロセス出力: 警告: 活動日列に1970/1/1が含まれています: 45824
サブプロセス出力: デフォルト日付を使用: 2025-09-24
サブプロセス出力: 警告: 活動日列に1970/1/1が含まれています: 45824
サブプロセス出力: デフォルト日付を使用: 2025-09-24
サブプロセス出力: 警告: 活動日列に1970/1/1が含まれています: 45824
サブプロセス出力: デフォルト日付を使用: 2025-09-24
サブプロセス出力: 警告: 活動日列に1970/1/1が含まれています: 45824
サブプロセス出力: デフォルト日付を使用: 2025-09-24
サブプロセス出力: 警告: 活動日列に1970/1/1が含まれています: 45824
サブプロセス出力: デフォルト日付を使用: 2025-09-24
サブプロセス出力: 警告: 活動日列に1970/1/1が含まれています: 45824
サブプロセス出力: デフォルト日付を使用: 2025-09-24
サブプロセス出力: 警告: 活動日列に1970/1/1が含まれています: 45824
サブプロセス出力: デフォルト日付を使用: 2025-09-24
サブプロセス出力: 警告: 活動日列に1970/1/1が含まれています: 45824
サブプロセス出力: デフォルト日付を使用: 2025-09-24
サブプロセス出力: 警告: 活動日列に1970/1/1が含まれています: 45821
サブプロセス出力: デフォルト日付を使用: 2025-09-24
サブプロセス出力: 警告: 活動日列に1970/1/1が含まれています: 45821
サブプロセス出力: デフォルト日付を使用: 2025-09-24
サブプロセス出力: 警告: 活動日列に1970/1/1が含まれています: 45820
サブプロセス出力: デフォルト日付を使用: 2025-09-24
サブプロセス出力: 警告: 活動日列に1970/1/1が含まれています: 45820
サブプロセス出力: デフォルト日付を使用: 2025-09-24
サブプロセス出力: 警告: 活動日列に1970/1/1が含まれています: 45820
サブプロセス出力: デフォルト日付を使用: 2025-09-24
サブプロセス出力: 警告: 活動日列に1970/1/1が含まれています: 45819
サブプロセス出力: デフォルト日付を使用: 2025-09-24
サブプロセス出力: 警告: 活動日列に1970/1/1が含まれています: 45819
サブプロセス出力: デフォルト日付を使用: 2025-09-24
サブプロセス出力: 警告: 活動日列に1970/1/1が含まれています: 45819
サブプロセス出力: デフォルト日付を使用: 2025-09-24
サブプロセス出力: 警告: 活動日列に1970/1/1が含まれています: 45819
サブプロセス出力: デフォルト日付を使用: 2025-09-24
サブプロセス出力: 警告: 活動日列に1970/1/1が含まれています: 45819
サブプロセス出力: デフォルト日付を使用: 2025-09-24
サブプロセス出力: 警告: 活動日列に1970/1/1が含まれています: 45819
サブプロセス出力: デフォルト日付を使用: 2025-09-24
サブプロセス出力: 警告: 活動日列に1970/1/1が含まれています: 45818
サブプロセス出力: デフォルト日付を使用: 2025-09-24
サブプロセス出力: 警告: 活動日列に1970/1/1が含まれています: 45818
サブプロセス出力: デフォルト日付を使用: 2025-09-24
サブプロセス出力: 警告: 活動日列に1970/1/1が含まれています: 45818
サブプロセス出力: デフォルト日付を使用: 2025-09-24
サブプロセス出力: 警告: 活動日列に1970/1/1が含まれています: 45818
サブプロセス出力: デフォルト日付を使用: 2025-09-24
サブプロセス出力: 警告: 活動日列に1970/1/1が含まれています: 45818
サブプロセス出力: デフォルト日付を使用: 2025-09-24
サブプロセス出力: 警告: 活動日列に1970/1/1が含まれています: 45818
サブプロセス出力: デフォルト日付を使用: 2025-09-24
サブプロセス出力: 警告: 活動日列に1970/1/1が含まれています: 45817
サブプロセス出力: デフォルト日付を使用: 2025-09-24
サブプロセス出力: 警告: 活動日列に1970/1/1が含まれています: 45817
サブプロセス出力: デフォルト日付を使用: 2025-09-24
サブプロセス出力: 警告: 活動日列に1970/1/1が含まれています: 45814
サブプロセス出力: デフォルト日付を使用: 2025-09-24
サブプロセス出力: 警告: 活動日列に1970/1/1が含まれています: 45814
サブプロセス出力: デフォルト日付を使用: 2025-09-24
サブプロセス出力: 警告: 活動日列に1970/1/1が含まれています: 45814
サブプロセス出力: デフォルト日付を使用: 2025-09-24
サブプロセス出力: 警告: 活動日列に1970/1/1が含まれています: 45814
サブプロセス出力: デフォルト日付を使用: 2025-09-24
サブプロセス出力: 警告: 活動日列に1970/1/1が含まれています: 45814
サブプロセス出力: デフォルト日付を使用: 2025-09-24
サブプロセス出力: 警告: 活動日列に1970/1/1が含まれています: 45814
サブプロセス出力: デフォルト日付を使用: 2025-09-24
サブプロセス出力: 警告: 活動日列に1970/1/1が含まれています: 45814
サブプロセス出力: デフォルト日付を使用: 2025-09-24
サブプロセス出力: 警告: 活動日列に1970/1/1が含まれています: 45814
サブプロセス出力: デフォルト日付を使用: 2025-09-24
サブプロセス出力: 警告: 活動日列に1970/1/1が含まれています: 45813
サブプロセス出力: デフォルト日付を使用: 2025-09-24
サブプロセス出力: 警告: 活動日列に1970/1/1が含まれています: 45813
サブプロセス出力: デフォルト日付を使用: 2025-09-24
サブプロセス出力: 警告: 活動日列に1970/1/1が含まれています: 45813
サブプロセス出力: デフォルト日付を使用: 2025-09-24
サブプロセス出力: 警告: 活動日列に1970/1/1が含まれています: 45813
サブプロセス出力: デフォルト日付を使用: 2025-09-24
サブプロセス出力: 警告: 活動日列に1970/1/1が含まれています: 45813
サブプロセス出力: デフォルト日付を使用: 2025-09-24
サブプロセス出力: 警告: 活動日列に1970/1/1が含まれています: 45813
サブプロセス出力: デフォルト日付を使用: 2025-09-24
サブプロセス出力: 警告: 活動日列に1970/1/1が含まれています: 45813
サブプロセス出力: デフォルト日付を使用: 2025-09-24
サブプロセス出力: 警告: 活動日列に1970/1/1が含まれています: 45813
サブプロセス出力: デフォルト日付を使用: 2025-09-24
サブプロセス出力: 警告: 活動日列に1970/1/1が含まれています: 45813
サブプロセス出力: デフォルト日付を使用: 2025-09-24
サブプロセス出力: 警告: 活動日列に1970/1/1が含まれています: 45812
サブプロセス出力: デフォルト日付を使用: 2025-09-24
サブプロセス出力: 警告: 活動日列に1970/1/1が含まれています: 45812
サブプロセス出力: デフォルト日付を使用: 2025-09-24
サブプロセス出力: 警告: 活動日列に1970/1/1が含まれています: 45811
サブプロセス出力: デフォルト日付を使用: 2025-09-24
サブプロセス出力: 警告: 活動日列に1970/1/1が含まれています: 45811
サブプロセス出力: デフォルト日付を使用: 2025-09-24
サブプロセス出力: 警告: 活動日列に1970/1/1が含まれています: 45811
サブプロセス出力: デフォルト日付を使用: 2025-09-24
サブプロセス出力: 警告: 活動日列に1970/1/1が含まれています: 45811
サブプロセス出力: デフォルト日付を使用: 2025-09-24
サブプロセス出力: 警告: 活動日列に1970/1/1が含まれています: 45811
サブプロセス出力: デフォルト日付を使用: 2025-09-24
サブプロセス出力: 警告: 活動日列に1970/1/1が含まれています: 45810
サブプロセス出力: デフォルト日付を使用: 2025-09-24
サブプロセス出力: 警告: 活動日列に1970/1/1が含まれています: 45810
サブプロセス出力: デフォルト日付を使用: 2025-09-24
サブプロセス出力: 警告: 活動日列に1970/1/1が含まれています: 45810
サブプロセス出力: デフォルト日付を使用: 2025-09-24
サブプロセス出力: 警告: 活動日列に1970/1/1が含まれています: 45810
サブプロセス出力: デフォルト日付を使用: 2025-09-24
サブプロセス出力: 警告: 活動日列に1970/1/1が含まれています: 45810
サブプロセス出力: デフォルト日付を使用: 2025-09-24
サブプロセス出力: 警告: 活動日列に1970/1/1が含まれています: 45810
サブプロセス出力: デフォルト日付を使用: 2025-09-24
サブプロセス出力: 警告: 活動日列に1970/1/1が含まれています: 45810
サブプロセス出力: デフォルト日付を使用: 2025-09-24
サブプロセス出力: 警告: 活動日列に1970/1/1が含まれています: 45807
サブプロセス出力: デフォルト日付を使用: 2025-09-24
サブプロセス出力: 警告: 活動日列に1970/1/1が含まれています: 45807
サブプロセス出力: デフォルト日付を使用: 2025-09-24
サブプロセス出力: 警告: 活動日列に1970/1/1が含まれています: 45805
サブプロセス出力: デフォルト日付を使用: 2025-09-24
サブプロセス出力: 警告: 活動日列に1970/1/1が含まれています: 45805
サブプロセス出力: デフォルト日付を使用: 2025-09-24
サブプロセス出力: 警告: 活動日列に1970/1/1が含まれています: 45805
サブプロセス出力: デフォルト日付を使用: 2025-09-24
サブプロセス出力: 警告: 活動日列に1970/1/1が含まれています: 45804
サブプロセス出力: デフォルト日付を使用: 2025-09-24
サブプロセス出力: 警告: 活動日列に1970/1/1が含まれています: 45804
サブプロセス出力: デフォルト日付を使用: 2025-09-24
サブプロセス出力: 警告: 活動日列に1970/1/1が含まれています: 45804
サブプロセス出力: デフォルト日付を使用: 2025-09-24
サブプロセス出力: 警告: 活動日列に1970/1/1が含まれています: 45804
サブプロセス出力: デフォルト日付を使用: 2025-09-24
サブプロセス出力: 警告: 活動日列に1970/1/1が含まれています: 45804
サブプロセス出力: デフォルト日付を使用: 2025-09-24
サブプロセス出力: 警告: 活動日列に1970/1/1が含まれています: 45804
サブプロセス出力: デフォルト日付を使用: 2025-09-24
サブプロセス出力: 警告: 活動日列に1970/1/1が含まれています: 45804
サブプロセス出力: デフォルト日付を使用: 2025-09-24
サブプロセス出力: 警告: 活動日列に1970/1/1が含まれています: 45803
サブプロセス出力: デフォルト日付を使用: 2025-09-24
サブプロセス出力: 警告: 活動日列に1970/1/1が含まれています: 45803
サブプロセス出力: デフォルト日付を使用: 2025-09-24
サブプロセス出力: 警告: 活動日列に1970/1/1が含まれています: 45803
サブプロセス出力: デフォルト日付を使用: 2025-09-24
サブプロセス出力: 警告: 活動日列に1970/1/1が含まれています: 45803
サブプロセス出力: デフォルト日付を使用: 2025-09-24
サブプロセス出力: 警告: 活動日列に1970/1/1が含まれています: 45803
サブプロセス出力: デフォルト日付を使用: 2025-09-24
サブプロセス出力: 警告: 活動日列に1970/1/1が含まれています: 45803
サブプロセス出力: デフォルト日付を使用: 2025-09-24
サブプロセス出力: 警告: 活動日列に1970/1/1が含まれています: 45803
サブプロセス出力: デフォルト日付を使用: 2025-09-24
サブプロセス出力: 警告: 活動日列に1970/1/1が含まれています: 45800
サブプロセス出力: デフォルト日付を使用: 2025-09-24
サブプロセス出力: 警告: 活動日列に1970/1/1が含まれています: 45800
サブプロセス出力: デフォルト日付を使用: 2025-09-24
サブプロセス出力: 警告: 活動日列に1970/1/1が含まれています: 45799
サブプロセス出力: デフォルト日付を使用: 2025-09-24
サブプロセス出力: 警告: 活動日列に1970/1/1が含まれています: 45799
サブプロセス出力: デフォルト日付を使用: 2025-09-24
サブプロセス出力: 警告: 活動日列に1970/1/1が含まれています: 45799
サブプロセス出力: デフォルト日付を使用: 2025-09-24
サブプロセス出力: 警告: 活動日列に1970/1/1が含まれています: 45799
サブプロセス出力: デフォルト日付を使用: 2025-09-24
サブプロセス出力: 警告: 活動日列に1970/1/1が含まれています: 45799
サブプロセス出力: デフォルト日付を使用: 2025-09-24
サブプロセス出力: 警告: 活動日列に1970/1/1が含まれています: 45799
サブプロセス出力: デフォルト日付を使用: 2025-09-24
サブプロセス出力: 警告: 活動日列に1970/1/1が含まれています: 45798
サブプロセス出力: デフォルト日付を使用: 2025-09-24
サブプロセス出力: 警告: 活動日列に1970/1/1が含まれています: 45798
サブプロセス出力: デフォルト日付を使用: 2025-09-24
サブプロセス出力: 警告: 活動日列に1970/1/1が含まれています: 45798
サブプロセス出力: デフォルト日付を使用: 2025-09-24
サブプロセス出力: 警告: 活動日列に1970/1/1が含まれています: 45798
サブプロセス出力: デフォルト日付を使用: 2025-09-24
サブプロセス出力: 警告: 活動日列に1970/1/1が含まれています: 45798
サブプロセス出力: デフォルト日付を使用: 2025-09-24
サブプロセス出力: 警告: 活動日列に1970/1/1が含まれています: 45797
サブプロセス出力: デフォルト日付を使用: 2025-09-24
サブプロセス出力: 警告: 活動日列に1970/1/1が含まれています: 45797
サブプロセス出力: デフォルト日付を使用: 2025-09-24
サブプロセス出力: 警告: 活動日列に1970/1/1が含まれています: 45797
サブプロセス出力: デフォルト日付を使用: 2025-09-24
サブプロセス出力: 警告: 活動日列に1970/1/1が含まれています: 45797
サブプロセス出力: デフォルト日付を使用: 2025-09-24
サブプロセス出力: 警告: 活動日列に1970/1/1が含まれています: 45797
サブプロセス出力: デフォルト日付を使用: 2025-09-24
サブプロセス出力: 警告: 活動日列に1970/1/1が含まれています: 45796
サブプロセス出力: デフォルト日付を使用: 2025-09-24
サブプロセス出力: 警告: 活動日列に1970/1/1が含まれています: 45796
サブプロセス出力: デフォルト日付を使用: 2025-09-24
サブプロセス出力: 警告: 活動日列に1970/1/1が含まれています: 45796
サブプロセス出力: デフォルト日付を使用: 2025-09-24
サブプロセス出力: 警告: 活動日列に1970/1/1が含まれています: 45796
サブプロセス出力: デフォルト日付を使用: 2025-09-24
サブプロセス出力: 警告: 活動日列に1970/1/1が含まれています: 45793
サブプロセス出力: デフォルト日付を使用: 2025-09-24
サブプロセス出力: 警告: 活動日列に1970/1/1が含まれています: 45793
サブプロセス出力: デフォルト日付を使用: 2025-09-24
サブプロセス出力: 警告: 活動日列に1970/1/1が含まれています: 45793
サブプロセス出力: デフォルト日付を使用: 2025-09-24
サブプロセス出力: 警告: 活動日列に1970/1/1が含まれています: 45793
サブプロセス出力: デフォルト日付を使用: 2025-09-24
サブプロセス出力: 警告: 活動日列に1970/1/1が含まれています: 45793
サブプロセス出力: デフォルト日付を使用: 2025-09-24
サブプロセス出力: 警告: 活動日列に1970/1/1が含まれています: 45793
サブプロセス出力: デフォルト日付を使用: 2025-09-24
サブプロセス出力: 警告: 活動日列に1970/1/1が含まれています: 45792
サブプロセス出力: デフォルト日付を使用: 2025-09-24
サブプロセス出力: 警告: 活動日列に1970/1/1が含まれています: 45792
サブプロセス出力: デフォルト日付を使用: 2025-09-24
サブプロセス出力: 警告: 活動日列に1970/1/1が含まれています: 45792
サブプロセス出力: デフォルト日付を使用: 2025-09-24
サブプロセス出力: 警告: 活動日列に1970/1/1が含まれています: 45791
サブプロセス出力: デフォルト日付を使用: 2025-09-24
サブプロセス出力: 警告: 活動日列に1970/1/1が含まれています: 45791
サブプロセス出力: デフォルト日付を使用: 2025-09-24
サブプロセス出力: 警告: 活動日列に1970/1/1が含まれています: 45791
サブプロセス出力: デフォルト日付を使用: 2025-09-24
サブプロセス出力: 警告: 活動日列に1970/1/1が含まれています: 45790
サブプロセス出力: デフォルト日付を使用: 2025-09-24
サブプロセス出力: 警告: 活動日列に1970/1/1が含まれています: 45790
サブプロセス出力: デフォルト日付を使用: 2025-09-24
サブプロセス出力: 警告: 活動日列に1970/1/1が含まれています: 45790
サブプロセス出力: デフォルト日付を使用: 2025-09-24
サブプロセス出力: 警告: 活動日列に1970/1/1が含まれています: 45789
サブプロセス出力: デフォルト日付を使用: 2025-09-24
サブプロセス出力: 警告: 活動日列に1970/1/1が含まれています: 45789
サブプロセス出力: デフォルト日付を使用: 2025-09-24
サブプロセス出力: 警告: 活動日列に1970/1/1が含まれています: 45789
サブプロセス出力: デフォルト日付を使用: 2025-09-24
サブプロセス出力: 警告: 活動日列に1970/1/1が含まれています: 45789
サブプロセス出力: デフォルト日付を使用: 2025-09-24
サブプロセス出力: 警告: 活動日列に1970/1/1が含まれています: 45786
サブプロセス出力: デフォルト日付を使用: 2025-09-24
サブプロセス出力: 警告: 活動日列に1970/1/1が含まれています: 45786
サブプロセス出力: デフォルト日付を使用: 2025-09-24
サブプロセス出力: 警告: 活動日列に1970/1/1が含まれています: 45786
サブプロセス出力: デフォルト日付を使用: 2025-09-24
サブプロセス出力: 警告: 活動日列に1970/1/1が含まれています: 45786
サブプロセス出力: デフォルト日付を使用: 2025-09-24
サブプロセス出力: 警告: 活動日列に1970/1/1が含まれています: 45784
サブプロセス出力: デフォルト日付を使用: 2025-09-24
サブプロセス出力: 警告: 活動日列に1970/1/1が含まれています: 45784
サブプロセス出力: デフォルト日付を使用: 2025-09-24
サブプロセス出力: 警告: 活動日列に1970/1/1が含まれています: 45779
サブプロセス出力: デフォルト日付を使用: 2025-09-24
サブプロセス出力: 警告: 活動日列に1970/1/1が含まれています: 45779
サブプロセス出力: デフォルト日付を使用: 2025-09-24
サブプロセス出力: 警告: 活動日列に1970/1/1が含まれています: 45778
サブプロセス出力: デフォルト日付を使用: 2025-09-24
サブプロセス出力: 警告: 活動日列に1970/1/1が含まれています: 45778
サブプロセス出力: デフォルト日付を使用: 2025-09-24
サブプロセス出力: 警告: 活動日列に1970/1/1が含まれています: 45777
サブプロセス出力: デフォルト日付を使用: 2025-09-24
サブプロセス出力: 警告: 活動日列に1970/1/1が含まれています: 45777
サブプロセス出力: デフォルト日付を使用: 2025-09-24
サブプロセス出力: 警告: 活動日列に1970/1/1が含まれています: 45775
サブプロセス出力: デフォルト日付を使用: 2025-09-24
サブプロセス出力: 警告: 活動日列に1970/1/1が含まれています: 45775
サブプロセス出力: デフォルト日付を使用: 2025-09-24
サブプロセス出力: 警告: 活動日列に1970/1/1が含まれています: 45775
サブプロセス出力: デフォルト日付を使用: 2025-09-24
サブプロセス出力: 警告: 活動日列に1970/1/1が含まれています: 45775
サブプロセス出力: デフォルト日付を使用: 2025-09-24
サブプロセス出力: 警告: 活動日列に1970/1/1が含まれています: 45772
サブプロセス出力: デフォルト日付を使用: 2025-09-24
サブプロセス出力: 警告: 活動日列に1970/1/1が含まれています: 45771
サブプロセス出力: デフォルト日付を使用: 2025-09-24
サブプロセス出力: 警告: 活動日列に1970/1/1が含まれています: 45771
サブプロセス出力: デフォルト日付を使用: 2025-09-24
サブプロセス出力: 警告: 活動日列に1970/1/1が含まれています: 45771
サブプロセス出力: デフォルト日付を使用: 2025-09-24
サブプロセス出力: 警告: 活動日列に1970/1/1が含まれています: 45770
サブプロセス出力: デフォルト日付を使用: 2025-09-24
サブプロセス出力: 警告: 活動日列に1970/1/1が含まれています: 45770
サブプロセス出力: デフォルト日付を使用: 2025-09-24
サブプロセス出力: 警告: 活動日列に1970/1/1が含まれています: 45770
サブプロセス出力: デフォルト日付を使用: 2025-09-24
サブプロセス出力: 警告: 活動日列に1970/1/1が含まれています: 45770
サブプロセス出力: デフォルト日付を使用: 2025-09-24
サブプロセス出力: 警告: 活動日列に1970/1/1が含まれています: 45769
サブプロセス出力: デフォルト日付を使用: 2025-09-24
サブプロセス出力: 警告: 活動日列に1970/1/1が含まれています: 45769
サブプロセス出力: デフォルト日付を使用: 2025-09-24
サブプロセス出力: 警告: 活動日列に1970/1/1が含まれています: 45769
サブプロセス出力: デフォルト日付を使用: 2025-09-24
サブプロセス出力: 警告: 活動日列に1970/1/1が含まれています: 45768
サブプロセス出力: デフォルト日付を使用: 2025-09-24
サブプロセス出力: 警告: 活動日列に1970/1/1が含まれています: 45768
サブプロセス出力: デフォルト日付を使用: 2025-09-24
サブプロセス出力: 警告: 活動日列に1970/1/1が含まれています: 45768
サブプロセス出力: デフォルト日付を使用: 2025-09-24
サブプロセス出力: 警告: 活動日列に1970/1/1が含まれています: 45768
サブプロセス出力: デフォルト日付を使用: 2025-09-24
サブプロセス出力: 警告: 活動日列に1970/1/1が含まれています: 45768
サブプロセス出力: デフォルト日付を使用: 2025-09-24
サブプロセス出力: 警告: 活動日列に1970/1/1が含まれています: 45765
サブプロセス出力: デフォルト日付を使用: 2025-09-24
サブプロセス出力: 警告: 活動日列に1970/1/1が含まれています: 45765
サブプロセス出力: デフォルト日付を使用: 2025-09-24
サブプロセス出力: 警告: 活動日列に1970/1/1が含まれています: 45765
サブプロセス出力: デフォルト日付を使用: 2025-09-24
サブプロセス出力: 警告: 活動日列に1970/1/1が含まれています: 45765
サブプロセス出力: デフォルト日付を使用: 2025-09-24
サブプロセス出力: 警告: 活動日列に1970/1/1が含まれています: 45765
サブプロセス出力: デフォルト日付を使用: 2025-09-24
サブプロセス出力: 警告: 活動日列に1970/1/1が含まれています: 45764
サブプロセス出力: デフォルト日付を使用: 2025-09-24
サブプロセス出力: 警告: 活動日列に1970/1/1が含まれています: 45763
サブプロセス出力: デフォルト日付を使用: 2025-09-24
サブプロセス出力: 警告: 活動日列に1970/1/1が含まれています: 45763
サブプロセス出力: デフォルト日付を使用: 2025-09-24
サブプロセス出力: 警告: 活動日列に1970/1/1が含まれています: 45763
サブプロセス出力: デフォルト日付を使用: 2025-09-24
サブプロセス出力: 警告: 活動日列に1970/1/1が含まれています: 45763
サブプロセス出力: デフォルト日付を使用: 2025-09-24
サブプロセス出力: 警告: 活動日列に1970/1/1が含まれています: 45763
サブプロセス出力: デフォルト日付を使用: 2025-09-24
サブプロセス出力: 警告: 活動日列に1970/1/1が含まれています: 45763
サブプロセス出力: デフォルト日付を使用: 2025-09-24
サブプロセス出力: 警告: 活動日列に1970/1/1が含まれています: 45763
サブプロセス出力: デフォルト日付を使用: 2025-09-24
サブプロセス出力: 警告: 活動日列に1970/1/1が含まれています: 45763
サブプロセス出力: デフォルト日付を使用: 2025-09-24
サブプロセス出力: 警告: 活動日列に1970/1/1が含まれています: 45763
サブプロセス出力: デフォルト日付を使用: 2025-09-24
サブプロセス出力: 警告: 活動日列に1970/1/1が含まれています: 45762
サブプロセス出力: デフォルト日付を使用: 2025-09-24
サブプロセス出力: 警告: 活動日列に1970/1/1が含まれています: 45762
サブプロセス出力: デフォルト日付を使用: 2025-09-24
サブプロセス出力: 警告: 活動日列に1970/1/1が含まれています: 45762
サブプロセス出力: デフォルト日付を使用: 2025-09-24
サブプロセス出力: 警告: 活動日列に1970/1/1が含まれています: 45761
サブプロセス出力: デフォルト日付を使用: 2025-09-24
サブプロセス出力: 警告: 活動日列に1970/1/1が含まれています: 45761
サブプロセス出力: デフォルト日付を使用: 2025-09-24
サブプロセス出力: 警告: 活動日列に1970/1/1が含まれています: 45761
サブプロセス出力: デフォルト日付を使用: 2025-09-24
サブプロセス出力: 警告: 活動日列に1970/1/1が含まれています: 45761
サブプロセス出力: デフォルト日付を使用: 2025-09-24
サブプロセス出力: 警告: 活動日列に1970/1/1が含まれています: 45761
サブプロセス出力: デフォルト日付を使用: 2025-09-24
サブプロセス出力: 警告: 活動日列に1970/1/1が含まれています: 45758
サブプロセス出力: デフォルト日付を使用: 2025-09-24
サブプロセス出力: 警告: 活動日列に1970/1/1が含まれています: 45758
サブプロセス出力: デフォルト日付を使用: 2025-09-24
サブプロセス出力: 警告: 活動日列に1970/1/1が含まれています: 45758
サブプロセス出力: デフォルト日付を使用: 2025-09-24
サブプロセス出力: 警告: 活動日列に1970/1/1が含まれています: 45758
サブプロセス出力: デフォルト日付を使用: 2025-09-24
サブプロセス出力: 警告: 活動日列に1970/1/1が含まれています: 45757
サブプロセス出力: デフォルト日付を使用: 2025-09-24
サブプロセス出力: 警告: 活動日列に1970/1/1が含まれています: 45757
サブプロセス出力: デフォルト日付を使用: 2025-09-24
サブプロセス出力: 警告: 活動日列に1970/1/1が含まれています: 45757
サブプロセス出力: デフォルト日付を使用: 2025-09-24
サブプロセス出力: 警告: 活動日列に1970/1/1が含まれています: 45757
サブプロセス出力: デフォルト日付を使用: 2025-09-24
サブプロセス出力: 警告: 活動日列に1970/1/1が含まれています: 45756
サブプロセス出力: デフォルト日付を使用: 2025-09-24
サブプロセス出力: 警告: 活動日列に1970/1/1が含まれています: 45756
サブプロセス出力: デフォルト日付を使用: 2025-09-24
サブプロセス出力: 警告: 活動日列に1970/1/1が含まれています: 45756
サブプロセス出力: デフォルト日付を使用: 2025-09-24
サブプロセス出力: 警告: 活動日列に1970/1/1が含まれています: 45755
サブプロセス出力: デフォルト日付を使用: 2025-09-24
サブプロセス出力: 警告: 活動日列に1970/1/1が含まれています: 45755
サブプロセス出力: デフォルト日付を使用: 2025-09-24
サブプロセス出力: 警告: 活動日列に1970/1/1が含まれています: 45755
サブプロセス出力: デフォルト日付を使用: 2025-09-24
サブプロセス出力: 警告: 活動日列に1970/1/1が含まれています: 45755
サブプロセス出力: デフォルト日付を使用: 2025-09-24
サブプロセス出力: 警告: 活動日列に1970/1/1が含まれています: 45755
サブプロセス出力: デフォルト日付を使用: 2025-09-24
サブプロセス出力: 警告: 活動日列に1970/1/1が含まれています: 45754
サブプロセス出力: デフォルト日付を使用: 2025-09-24
サブプロセス出力: 警告: 活動日列に1970/1/1が含まれています: 45754
サブプロセス出力: デフォルト日付を使用: 2025-09-24
サブプロセス出力: 警告: 活動日列に1970/1/1が含まれています: 45754
サブプロセス出力: デフォルト日付を使用: 2025-09-24
サブプロセス出力: 警告: 活動日列に1970/1/1が含まれています: 45754
サブプロセス出力: デフォルト日付を使用: 2025-09-24
サブプロセス出力: 警告: 活動日列に1970/1/1が含まれています: 45754
サブプロセス出力: デフォルト日付を使用: 2025-09-24
サブプロセス出力: 警告: 活動日列に1970/1/1が含まれています: 45754
サブプロセス出力: デフォルト日付を使用: 2025-09-24
サブプロセス出力: 警告: 活動日列に1970/1/1が含まれています: 45751
サブプロセス出力: デフォルト日付を使用: 2025-09-24
サブプロセス出力: 警告: 活動日列に1970/1/1が含まれています: 45751
サブプロセス出力: デフォルト日付を使用: 2025-09-24
サブプロセス出力: 警告: 活動日列に1970/1/1が含まれています: 45751
サブプロセス出力: デフォルト日付を使用: 2025-09-24
サブプロセス出力: 警告: 活動日列に1970/1/1が含まれています: 45751
サブプロセス出力: デフォルト日付を使用: 2025-09-24
サブプロセス出力: 警告: 活動日列に1970/1/1が含まれています: 45750
サブプロセス出力: デフォルト日付を使用: 2025-09-24
サブプロセス出力: 警告: 活動日列に1970/1/1が含まれています: 45750
サブプロセス出力: デフォルト日付を使用: 2025-09-24
サブプロセス出力: 警告: 活動日列に1970/1/1が含まれています: 45750
サブプロセス出力: デフォルト日付を使用: 2025-09-24
サブプロセス出力: 警告: 活動日列に1970/1/1が含まれています: 45750
サブプロセス出力: デフォルト日付を使用: 2025-09-24
サブプロセス出力: 警告: 活動日列に1970/1/1が含まれています: 45750
サブプロセス出力: デフォルト日付を使用: 2025-09-24
サブプロセス出力: 警告: 活動日列に1970/1/1が含まれています: 45749
サブプロセス出力: デフォルト日付を使用: 2025-09-24
サブプロセス出力: 警告: 活動日列に1970/1/1が含まれています: 45749
サブプロセス出力: デフォルト日付を使用: 2025-09-24
サブプロセス出力: 警告: 活動日列に1970/1/1が含まれています: 45748
サブプロセス出力: デフォルト日付を使用: 2025-09-24
サブプロセス出力: マツリカCSV生成完了: 521行
サブプロセス出力: 出力ファイルに保存中: C:\Users\tomoh\OneDrive - Konica Minolta\12.code\webmatsurika\customer_action_import_format.csv
サブプロセス出力: 完了: マツリカCSV生成完了: C:\Users\tomoh\OneDrive - Konica Minolta\12.code\webmatsurika\customer_action_import_format.csv
サブプロセス出力: === 処理が正常に完了しました ===
サブプロセス出力: 最終出力ファイル: C:\Users\tomoh\OneDrive - Konica Minolta\12.code\webmatsurika\customer_action_import_format.csv
サブプロセス出力: 出力ファイルサイズ: 170217 bytes
サブプロセス終了コード: 0
=== 処理が正常に完了しました ===
出力ファイル: C:\Users\tomoh\OneDrive - Konica Minolta\12.code\webmatsurika\customer_action_import_format.csv
=== 処理終了 ===
=== マツリカ変換処理開始 ===
入力ファイル: C:/Users/tomoh/Downloads/(層別活動用①)活動管理フォーム (2) 1.xlsx
顧客リスト: C:/Users/tomoh/Downloads/顧客リスト.csv
出力フォルダ: C:\Users\tomoh\OneDrive - Konica Minolta\12.code\webmatsurika
出力ファイル: C:\Users\tomoh\OneDrive - Konica Minolta\12.code\webmatsurika\customer_action_import_format.csv
実行コマンド: C:\Users\tomoh\AppData\Local\Programs\Python\Python312\python.exe matsurica_integrated_tool.py C:/Users/tomoh/Downloads/(層別活動用①)活動管理フォーム (2) 1.xlsx --customers C:/Users/tomoh/Downloads/顧客リスト.csv --output C:\Users\tomoh\OneDrive - Konica Minolta\12.code\webmatsurika\customer_action_import_format.csv
カレントディレクトリ: C:\Users\tomoh\OneDrive - Konica Minolta\12.code\webmatsurika
サブプロセス実行中...
サブプロセス出力: === マツリカ統合ツール処理開始 ===
サブプロセス出力: 入力ファイル: C:/Users/tomoh/Downloads/(層別活動用①)活動管理フォーム (2) 1.xlsx
サブプロセス出力: 顧客リスト: C:/Users/tomoh/Downloads/顧客リスト.csv
サブプロセス出力: 出力ファイル: C:\Users\tomoh\OneDrive - Konica Minolta\12.code\webmatsurika\customer_action_import_format.csv
サブプロセス出力: 1. ExcelファイルをCSVに変換中...
サブプロセス出力: 強制変換開始: C:/Users/tomoh/Downloads/(層別活動用①)活動管理フォーム (2) 1.xlsx
サブプロセス出力: 対象シート: 明細データ
サブプロセス出力: 通常の方法失敗: Unable to read workbook: could not read stylesheet from C:/Users/tomoh/Downloads/(層別活動用①)活動管理フォーム (2) 1.xlsx.
サブプロセス出力: This is most probably because the workbook source files contain some invalid XML.
サブプロセス出力: Please see the exception for more details.
サブプロセス出力: 最初のシートも失敗: Unable to read workbook: could not read stylesheet from C:/Users/tomoh/Downloads/(層別活動用①)活動管理フォーム (2) 1.xlsx.
サブプロセス出力: This is most probably because the workbook source files contain some invalid XML.
サブプロセス出力: Please see the exception for more details.
サブプロセス出力: 共有文字列を抽出: 9968個
サブプロセス出力: シート発見: マスターデータ -> sheet1.xml
サブプロセス出力: シート発見: 明細データ -> sheet2.xml
サブプロセス出力: シートファイルを抽出: xl/worksheets/sheet2.xml (明細データ)
サブプロセス出力: 抽出したデータ: 2825行, サンプル: [['', '', '', '', '', '', '', '', '', '', '', ''], ['', '', '', '', '', '', '', '', '', '', '', '']]
サブプロセス出力: 作成したDataFrame: (2824, 12)
サブプロセス出力: 列の型: <class 'pandas.core.indexes.base.Index'>
サブプロセス出力: 最初の数列: ['', '', '', '', '']
サブプロセス出力: 強制変換完了: C:/Users/tomoh/Downloads/(層別活動用①)活動管理フォーム (2) 1.xlsx -> C:\Users\tomoh\Downloads\(層別活動用①)活動管理フォーム (2) 1.csv
サブプロセス出力: 行数: 2824, 列数: 12
サブプロセス出力: CSV変換完了: C:\Users\tomoh\Downloads\(層別活動用①)活動管理フォーム (2) 1.csv
サブプロセス出力: 変換されたCSVファイル: C:\Users\tomoh\Downloads\(層別活動用①)活動管理フォーム (2) 1.csv
サブプロセス出力: 2. 顧客リストとマッチング中...
サブプロセス出力: 顧客リストファイルを読み込み中: C:\Users\tomoh\Downloads\顧客リスト.csv
サブプロセス出力: 警告: 行 1 がヘッダーでないため削除対象とします
サブプロセス出力: 完了: 行 2 をヘッダーとして設定します
サブプロセス出力: 完了: 有効なデータ行数: 2822/2824
サブプロセス出力: 完了: マッチング結果: 521/2822 行がマッチしました
サブプロセス出力: 警告: 2301 行がマッチしなかったため削除します
サブプロセス出力: マッチング結果をExcelファイルに保存中: matched_activity.xlsx
サブプロセス出力: 完了: 企業マッチング完了: matched_activity.xlsx
サブプロセス出力: マッチングされた行数: 521行
サブプロセス出力: 3. マツリカ取込用CSV生成中...
サブプロセス出力: 警告: 活動日列に1970/1/1が含まれています: 45912
サブプロセス出力: デフォルト日付を使用: 2025-09-24
サブプロセス出力: 警告: 活動日列に1970/1/1が含まれています: 45912
サブプロセス出力: デフォルト日付を使用: 2025-09-24
サブプロセス出力: 警告: 活動日列に1970/1/1が含まれています: 45912
サブプロセス出力: デフォルト日付を使用: 2025-09-24
サブプロセス出力: 警告: 活動日列に1970/1/1が含まれています: 45912
サブプロセス出力: デフォルト日付を使用: 2025-09-24
サブプロセス出力: 警告: 活動日列に1970/1/1が含まれています: 45912
サブプロセス出力: デフォルト日付を使用: 2025-09-24
サブプロセス出力: 警告: 活動日列に1970/1/1が含まれています: 45912
サブプロセス出力: デフォルト日付を使用: 2025-09-24
サブプロセス出力: 警告: 活動日列に1970/1/1が含まれています: 45912
サブプロセス出力: デフォルト日付を使用: 2025-09-24
サブプロセス出力: 警告: 活動日列に1970/1/1が含まれています: 45911
サブプロセス出力: デフォルト日付を使用: 2025-09-24
サブプロセス出力: 警告: 活動日列に1970/1/1が含まれています: 45911
サブプロセス出力: デフォルト日付を使用: 2025-09-24
サブプロセス出力: 警告: 活動日列に1970/1/1が含まれています: 45911
サブプロセス出力: デフォルト日付を使用: 2025-09-24
サブプロセス出力: 警告: 活動日列に1970/1/1が含まれています: 45911
サブプロセス出力: デフォルト日付を使用: 2025-09-24
サブプロセス出力: 警告: 活動日列に1970/1/1が含まれています: 45911
サブプロセス出力: デフォルト日付を使用: 2025-09-24
サブプロセス出力: 警告: 活動日列に1970/1/1が含まれています: 45911
サブプロセス出力: デフォルト日付を使用: 2025-09-24
サブプロセス出力: 警告: 活動日列に1970/1/1が含まれています: 45910
サブプロセス出力: デフォルト日付を使用: 2025-09-24
サブプロセス出力: 警告: 活動日列に1970/1/1が含まれています: 45910
サブプロセス出力: デフォルト日付を使用: 2025-09-24
サブプロセス出力: 警告: 活動日列に1970/1/1が含まれています: 45910
サブプロセス出力: デフォルト日付を使用: 2025-09-24
サブプロセス出力: 警告: 活動日列に1970/1/1が含まれています: 45910
サブプロセス出力: デフォルト日付を使用: 2025-09-24
サブプロセス出力: 警告: 活動日列に1970/1/1が含まれています: 45910
サブプロセス出力: デフォルト日付を使用: 2025-09-24
サブプロセス出力: 警告: 活動日列に1970/1/1が含まれています: 45910
サブプロセス出力: デフォルト日付を使用: 2025-09-24
サブプロセス出力: 警告: 活動日列に1970/1/1が含まれています: 45909
サブプロセス出力: デフォルト日付を使用: 2025-09-24
サブプロセス出力: 警告: 活動日列に1970/1/1が含まれています: 45909
サブプロセス出力: デフォルト日付を使用: 2025-09-24
サブプロセス出力: 警告: 活動日列に1970/1/1が含まれています: 45909
サブプロセス出力: デフォルト日付を使用: 2025-09-24
サブプロセス出力: 警告: 活動日列に1970/1/1が含まれています: 45909
サブプロセス出力: デフォルト日付を使用: 2025-09-24
サブプロセス出力: 警告: 活動日列に1970/1/1が含まれています: 45909
サブプロセス出力: デフォルト日付を使用: 2025-09-24
サブプロセス出力: 警告: 活動日列に1970/1/1が含まれています: 45909
サブプロセス出力: デフォルト日付を使用: 2025-09-24
サブプロセス出力: 警告: 活動日列に1970/1/1が含まれています: 45909
サブプロセス出力: デフォルト日付を使用: 2025-09-24
サブプロセス出力: 警告: 活動日列に1970/1/1が含まれています: 45909
サブプロセス出力: デフォルト日付を使用: 2025-09-24
サブプロセス出力: 警告: 活動日列に1970/1/1が含まれています: 45908
サブプロセス出力: デフォルト日付を使用: 2025-09-24
サブプロセス出力: 警告: 活動日列に1970/1/1が含まれています: 45908
サブプロセス出力: デフォルト日付を使用: 2025-09-24
サブプロセス出力: 警告: 活動日列に1970/1/1が含まれています: 45908
サブプロセス出力: デフォルト日付を使用: 2025-09-24
サブプロセス出力: 警告: 活動日列に1970/1/1が含まれています: 45908
サブプロセス出力: デフォルト日付を使用: 2025-09-24
サブプロセス出力: 警告: 活動日列に1970/1/1が含まれています: 45908
サブプロセス出力: デフォルト日付を使用: 2025-09-24
サブプロセス出力: 警告: 活動日列に1970/1/1が含まれています: 45905
サブプロセス出力: デフォルト日付を使用: 2025-09-24
サブプロセス出力: 警告: 活動日列に1970/1/1が含まれています: 45905
サブプロセス出力: デフォルト日付を使用: 2025-09-24
サブプロセス出力: 警告: 活動日列に1970/1/1が含まれています: 45905
サブプロセス出力: デフォルト日付を使用: 2025-09-24
サブプロセス出力: 警告: 活動日列に1970/1/1が含まれています: 45905
サブプロセス出力: デフォルト日付を使用: 2025-09-24
サブプロセス出力: 警告: 活動日列に1970/1/1が含まれています: 45905
サブプロセス出力: デフォルト日付を使用: 2025-09-24
サブプロセス出力: 警告: 活動日列に1970/1/1が含まれています: 45905
サブプロセス出力: デフォルト日付を使用: 2025-09-24
サブプロセス出力: 警告: 活動日列に1970/1/1が含まれています: 45904
サブプロセス出力: デフォルト日付を使用: 2025-09-24
サブプロセス出力: 警告: 活動日列に1970/1/1が含まれています: 45904
サブプロセス出力: デフォルト日付を使用: 2025-09-24
サブプロセス出力: 警告: 活動日列に1970/1/1が含まれています: 45904
サブプロセス出力: デフォルト日付を使用: 2025-09-24
サブプロセス出力: 警告: 活動日列に1970/1/1が含まれています: 45904
サブプロセス出力: デフォルト日付を使用: 2025-09-24
サブプロセス出力: 警告: 活動日列に1970/1/1が含まれています: 45904
サブプロセス出力: デフォルト日付を使用: 2025-09-24
サブプロセス出力: 警告: 活動日列に1970/1/1が含まれています: 45903
サブプロセス出力: デフォルト日付を使用: 2025-09-24
サブプロセス出力: 警告: 活動日列に1970/1/1が含まれています: 45903
サブプロセス出力: デフォルト日付を使用: 2025-09-24
サブプロセス出力: 警告: 活動日列に1970/1/1が含まれています: 45903
サブプロセス出力: デフォルト日付を使用: 2025-09-24
サブプロセス出力: 警告: 活動日列に1970/1/1が含まれています: 45903
サブプロセス出力: デフォルト日付を使用: 2025-09-24
サブプロセス出力: 警告: 活動日列に1970/1/1が含まれています: 45903
サブプロセス出力: デフォルト日付を使用: 2025-09-24
サブプロセス出力: 警告: 活動日列に1970/1/1が含まれています: 45902
サブプロセス出力: デフォルト日付を使用: 2025-09-24
サブプロセス出力: 警告: 活動日列に1970/1/1が含まれています: 45902
サブプロセス出力: デフォルト日付を使用: 2025-09-24
サブプロセス出力: 警告: 活動日列に1970/1/1が含まれています: 45902
サブプロセス出力: デフォルト日付を使用: 2025-09-24
サブプロセス出力: 警告: 活動日列に1970/1/1が含まれています: 45902
サブプロセス出力: デフォルト日付を使用: 2025-09-24
サブプロセス出力: 警告: 活動日列に1970/1/1が含まれています: 45902
サブプロセス出力: デフォルト日付を使用: 2025-09-24
サブプロセス出力: 警告: 活動日列に1970/1/1が含まれています: 45902
サブプロセス出力: デフォルト日付を使用: 2025-09-24
サブプロセス出力: 警告: 活動日列に1970/1/1が含まれています: 45902
サブプロセス出力: デフォルト日付を使用: 2025-09-24
サブプロセス出力: 警告: 活動日列に1970/1/1が含まれています: 45902
サブプロセス出力: デフォルト日付を使用: 2025-09-24
サブプロセス出力: 警告: 活動日列に1970/1/1が含まれています: 45902
サブプロセス出力: デフォルト日付を使用: 2025-09-24
サブプロセス出力: 警告: 活動日列に1970/1/1が含まれています: 45902
サブプロセス出力: デフォルト日付を使用: 2025-09-24
サブプロセス出力: 警告: 活動日列に1970/1/1が含まれています: 45902
サブプロセス出力: デフォルト日付を使用: 2025-09-24
サブプロセス出力: 警告: 活動日列に1970/1/1が含まれています: 45901
サブプロセス出力: デフォルト日付を使用: 2025-09-24
サブプロセス出力: 警告: 活動日列に1970/1/1が含まれています: 45901
サブプロセス出力: デフォルト日付を使用: 2025-09-24
サブプロセス出力: 警告: 活動日列に1970/1/1が含まれています: 45901
サブプロセス出力: デフォルト日付を使用: 2025-09-24
サブプロセス出力: 警告: 活動日列に1970/1/1が含まれています: 45901
サブプロセス出力: デフォルト日付を使用: 2025-09-24
サブプロセス出力: 警告: 活動日列に1970/1/1が含まれています: 45901
サブプロセス出力: デフォルト日付を使用: 2025-09-24
サブプロセス出力: 警告: 活動日列に1970/1/1が含まれています: 45899
サブプロセス出力: デフォルト日付を使用: 2025-09-24
サブプロセス出力: 警告: 活動日列に1970/1/1が含まれています: 45898
サブプロセス出力: デフォルト日付を使用: 2025-09-24
サブプロセス出力: 警告: 活動日列に1970/1/1が含まれています: 45898
サブプロセス出力: デフォルト日付を使用: 2025-09-24
サブプロセス出力: 警告: 活動日列に1970/1/1が含まれています: 45898
サブプロセス出力: デフォルト日付を使用: 2025-09-24
サブプロセス出力: 警告: 活動日列に1970/1/1が含まれています: 45898
サブプロセス出力: デフォルト日付を使用: 2025-09-24
サブプロセス出力: 警告: 活動日列に1970/1/1が含まれています: 45898
サブプロセス出力: デフォルト日付を使用: 2025-09-24
サブプロセス出力: 警告: 活動日列に1970/1/1が含まれています: 45897
サブプロセス出力: デフォルト日付を使用: 2025-09-24
サブプロセス出力: 警告: 活動日列に1970/1/1が含まれています: 45897
サブプロセス出力: デフォルト日付を使用: 2025-09-24
サブプロセス出力: 警告: 活動日列に1970/1/1が含まれています: 45897
サブプロセス出力: デフォルト日付を使用: 2025-09-24
サブプロセス出力: 警告: 活動日列に1970/1/1が含まれています: 45897
サブプロセス出力: デフォルト日付を使用: 2025-09-24
サブプロセス出力: 警告: 活動日列に1970/1/1が含まれています: 45897
サブプロセス出力: デフォルト日付を使用: 2025-09-24
サブプロセス出力: 警告: 活動日列に1970/1/1が含まれています: 45897
サブプロセス出力: デフォルト日付を使用: 2025-09-24
サブプロセス出力: 警告: 活動日列に1970/1/1が含まれています: 45897
サブプロセス出力: デフォルト日付を使用: 2025-09-24
サブプロセス出力: 警告: 活動日列に1970/1/1が含まれています: 45896
サブプロセス出力: デフォルト日付を使用: 2025-09-24
サブプロセス出力: 警告: 活動日列に1970/1/1が含まれています: 45896
サブプロセス出力: デフォルト日付を使用: 2025-09-24
サブプロセス出力: 警告: 活動日列に1970/1/1が含まれています: 45896
サブプロセス出力: デフォルト日付を使用: 2025-09-24
サブプロセス出力: 警告: 活動日列に1970/1/1が含まれています: 45896
サブプロセス出力: デフォルト日付を使用: 2025-09-24
サブプロセス出力: 警告: 活動日列に1970/1/1が含まれています: 45896
サブプロセス出力: デフォルト日付を使用: 2025-09-24
サブプロセス出力: 警告: 活動日列に1970/1/1が含まれています: 45896
サブプロセス出力: デフォルト日付を使用: 2025-09-24
サブプロセス出力: 警告: 活動日列に1970/1/1が含まれています: 45896
サブプロセス出力: デフォルト日付を使用: 2025-09-24
サブプロセス出力: 警告: 活動日列に1970/1/1が含まれています: 45896
サブプロセス出力: デフォルト日付を使用: 2025-09-24
サブプロセス出力: 警告: 活動日列に1970/1/1が含まれています: 45896
サブプロセス出力: デフォルト日付を使用: 2025-09-24
サブプロセス出力: 警告: 活動日列に1970/1/1が含まれています: 45896
サブプロセス出力: デフォルト日付を使用: 2025-09-24
サブプロセス出力: 警告: 活動日列に1970/1/1が含まれています: 45895
サブプロセス出力: デフォルト日付を使用: 2025-09-24
サブプロセス出力: 警告: 活動日列に1970/1/1が含まれています: 45895
サブプロセス出力: デフォルト日付を使用: 2025-09-24
サブプロセス出力: 警告: 活動日列に1970/1/1が含まれています: 45895
サブプロセス出力: デフォルト日付を使用: 2025-09-24
サブプロセス出力: 警告: 活動日列に1970/1/1が含まれています: 45895
サブプロセス出力: デフォルト日付を使用: 2025-09-24
サブプロセス出力: 警告: 活動日列に1970/1/1が含まれています: 45895
サブプロセス出力: デフォルト日付を使用: 2025-09-24
サブプロセス出力: 警告: 活動日列に1970/1/1が含まれています: 45895
サブプロセス出力: デフォルト日付を使用: 2025-09-24
サブプロセス出力: 警告: 活動日列に1970/1/1が含まれています: 45895
サブプロセス出力: デフォルト日付を使用: 2025-09-24
サブプロセス出力: 警告: 活動日列に1970/1/1が含まれています: 45894
サブプロセス出力: デフォルト日付を使用: 2025-09-24
サブプロセス出力: 警告: 活動日列に1970/1/1が含まれています: 45894
サブプロセス出力: デフォルト日付を使用: 2025-09-24
サブプロセス出力: 警告: 活動日列に1970/1/1が含まれています: 45894
サブプロセス出力: デフォルト日付を使用: 2025-09-24
サブプロセス出力: 警告: 活動日列に1970/1/1が含まれています: 45894
サブプロセス出力: デフォルト日付を使用: 2025-09-24
サブプロセス出力: 警告: 活動日列に1970/1/1が含まれています: 45894
サブプロセス出力: デフォルト日付を使用: 2025-09-24
サブプロセス出力: 警告: 活動日列に1970/1/1が含まれています: 45894
サブプロセス出力: デフォルト日付を使用: 2025-09-24
サブプロセス出力: 警告: 活動日列に1970/1/1が含まれています: 45891
サブプロセス出力: デフォルト日付を使用: 2025-09-24
サブプロセス出力: 警告: 活動日列に1970/1/1が含まれています: 45891
サブプロセス出力: デフォルト日付を使用: 2025-09-24
サブプロセス出力: 警告: 活動日列に1970/1/1が含まれています: 45891
サブプロセス出力: デフォルト日付を使用: 2025-09-24
サブプロセス出力: 警告: 活動日列に1970/1/1が含まれています: 45890
サブプロセス出力: デフォルト日付を使用: 2025-09-24
サブプロセス出力: 警告: 活動日列に1970/1/1が含まれています: 45890
サブプロセス出力: デフォルト日付を使用: 2025-09-24
サブプロセス出力: 警告: 活動日列に1970/1/1が含まれています: 45890
サブプロセス出力: デフォルト日付を使用: 2025-09-24
サブプロセス出力: 警告: 活動日列に1970/1/1が含まれています: 45890
サブプロセス出力: デフォルト日付を使用: 2025-09-24
サブプロセス出力: 警告: 活動日列に1970/1/1が含まれています: 45890
サブプロセス出力: デフォルト日付を使用: 2025-09-24
サブプロセス出力: 警告: 活動日列に1970/1/1が含まれています: 45889
サブプロセス出力: デフォルト日付を使用: 2025-09-24
サブプロセス出力: 警告: 活動日列に1970/1/1が含まれています: 45889
サブプロセス出力: デフォルト日付を使用: 2025-09-24
サブプロセス出力: 警告: 活動日列に1970/1/1が含まれています: 45889
サブプロセス出力: デフォルト日付を使用: 2025-09-24
サブプロセス出力: 警告: 活動日列に1970/1/1が含まれています: 45889
サブプロセス出力: デフォルト日付を使用: 2025-09-24
サブプロセス出力: 警告: 活動日列に1970/1/1が含まれています: 45889
サブプロセス出力: デフォルト日付を使用: 2025-09-24
サブプロセス出力: 警告: 活動日列に1970/1/1が含まれています: 45888
サブプロセス出力: デフォルト日付を使用: 2025-09-24
サブプロセス出力: 警告: 活動日列に1970/1/1が含まれています: 45888
サブプロセス出力: デフォルト日付を使用: 2025-09-24
サブプロセス出力: 警告: 活動日列に1970/1/1が含まれています: 45888
サブプロセス出力: デフォルト日付を使用: 2025-09-24
サブプロセス出力: 警告: 活動日列に1970/1/1が含まれています: 45888
サブプロセス出力: デフォルト日付を使用: 2025-09-24
サブプロセス出力: 警告: 活動日列に1970/1/1が含まれています: 45888
サブプロセス出力: デフォルト日付を使用: 2025-09-24
サブプロセス出力: 警告: 活動日列に1970/1/1が含まれています: 45888
サブプロセス出力: デフォルト日付を使用: 2025-09-24
サブプロセス出力: 警告: 活動日列に1970/1/1が含まれています: 45887
サブプロセス出力: デフォルト日付を使用: 2025-09-24
サブプロセス出力: 警告: 活動日列に1970/1/1が含まれています: 45887
サブプロセス出力: デフォルト日付を使用: 2025-09-24
サブプロセス出力: 警告: 活動日列に1970/1/1が含まれています: 45887
サブプロセス出力: デフォルト日付を使用: 2025-09-24
サブプロセス出力: 警告: 活動日列に1970/1/1が含まれています: 45887
サブプロセス出力: デフォルト日付を使用: 2025-09-24
サブプロセス出力: 警告: 活動日列に1970/1/1が含まれています: 45881
サブプロセス出力: デフォルト日付を使用: 2025-09-24
サブプロセス出力: 警告: 活動日列に1970/1/1が含まれています: 45881
サブプロセス出力: デフォルト日付を使用: 2025-09-24
サブプロセス出力: 警告: 活動日列に1970/1/1が含まれています: 45878
サブプロセス出力: デフォルト日付を使用: 2025-09-24
サブプロセス出力: 警告: 活動日列に1970/1/1が含まれています: 45877
サブプロセス出力: デフォルト日付を使用: 2025-09-24
サブプロセス出力: 警告: 活動日列に1970/1/1が含まれています: 45877
サブプロセス出力: デフォルト日付を使用: 2025-09-24
サブプロセス出力: 警告: 活動日列に1970/1/1が含まれています: 45877
サブプロセス出力: デフォルト日付を使用: 2025-09-24
サブプロセス出力: 警告: 活動日列に1970/1/1が含まれています: 45877
サブプロセス出力: デフォルト日付を使用: 2025-09-24
サブプロセス出力: 警告: 活動日列に1970/1/1が含まれています: 45876
サブプロセス出力: デフォルト日付を使用: 2025-09-24
サブプロセス出力: 警告: 活動日列に1970/1/1が含まれています: 45876
サブプロセス出力: デフォルト日付を使用: 2025-09-24
サブプロセス出力: 警告: 活動日列に1970/1/1が含まれています: 45876
サブプロセス出力: デフォルト日付を使用: 2025-09-24
サブプロセス出力: 警告: 活動日列に1970/1/1が含まれています: 45876
サブプロセス出力: デフォルト日付を使用: 2025-09-24
サブプロセス出力: 警告: 活動日列に1970/1/1が含まれています: 45876
サブプロセス出力: デフォルト日付を使用: 2025-09-24
サブプロセス出力: 警告: 活動日列に1970/1/1が含まれています: 45876
サブプロセス出力: デフォルト日付を使用: 2025-09-24
サブプロセス出力: 警告: 活動日列に1970/1/1が含まれています: 45876
サブプロセス出力: デフォルト日付を使用: 2025-09-24
サブプロセス出力: 警告: 活動日列に1970/1/1が含まれています: 45876
サブプロセス出力: デフォルト日付を使用: 2025-09-24
サブプロセス出力: 警告: 活動日列に1970/1/1が含まれています: 45876
サブプロセス出力: デフォルト日付を使用: 2025-09-24
サブプロセス出力: 警告: 活動日列に1970/1/1が含まれています: 45875
サブプロセス出力: デフォルト日付を使用: 2025-09-24
サブプロセス出力: 警告: 活動日列に1970/1/1が含まれています: 45875
サブプロセス出力: デフォルト日付を使用: 2025-09-24
サブプロセス出力: 警告: 活動日列に1970/1/1が含まれています: 45875
サブプロセス出力: デフォルト日付を使用: 2025-09-24
サブプロセス出力: 警告: 活動日列に1970/1/1が含まれています: 45875
サブプロセス出力: デフォルト日付を使用: 2025-09-24
サブプロセス出力: 警告: 活動日列に1970/1/1が含まれています: 45874
サブプロセス出力: デフォルト日付を使用: 2025-09-24
サブプロセス出力: 警告: 活動日列に1970/1/1が含まれています: 45874
サブプロセス出力: デフォルト日付を使用: 2025-09-24
サブプロセス出力: 警告: 活動日列に1970/1/1が含まれています: 45874
サブプロセス出力: デフォルト日付を使用: 2025-09-24
サブプロセス出力: 警告: 活動日列に1970/1/1が含まれています: 45874
サブプロセス出力: デフォルト日付を使用: 2025-09-24
サブプロセス出力: 警告: 活動日列に1970/1/1が含まれています: 45874
サブプロセス出力: デフォルト日付を使用: 2025-09-24
サブプロセス出力: 警告: 活動日列に1970/1/1が含まれています: 45874
サブプロセス出力: デフォルト日付を使用: 2025-09-24
サブプロセス出力: 警告: 活動日列に1970/1/1が含まれています: 45873
サブプロセス出力: デフォルト日付を使用: 2025-09-24
サブプロセス出力: 警告: 活動日列に1970/1/1が含まれています: 45873
サブプロセス出力: デフォルト日付を使用: 2025-09-24
サブプロセス出力: 警告: 活動日列に1970/1/1が含まれています: 45873
サブプロセス出力: デフォルト日付を使用: 2025-09-24
サブプロセス出力: 警告: 活動日列に1970/1/1が含まれています: 45873
サブプロセス出力: デフォルト日付を使用: 2025-09-24
サブプロセス出力: 警告: 活動日列に1970/1/1が含まれています: 45873
サブプロセス出力: デフォルト日付を使用: 2025-09-24
サブプロセス出力: 警告: 活動日列に1970/1/1が含まれています: 45870
サブプロセス出力: デフォルト日付を使用: 2025-09-24
サブプロセス出力: 警告: 活動日列に1970/1/1が含まれています: 45870
サブプロセス出力: デフォルト日付を使用: 2025-09-24
サブプロセス出力: 警告: 活動日列に1970/1/1が含まれています: 45870
サブプロセス出力: デフォルト日付を使用: 2025-09-24
サブプロセス出力: 警告: 活動日列に1970/1/1が含まれています: 45870
サブプロセス出力: デフォルト日付を使用: 2025-09-24
サブプロセス出力: 警告: 活動日列に1970/1/1が含まれています: 45869
サブプロセス出力: デフォルト日付を使用: 2025-09-24
サブプロセス出力: 警告: 活動日列に1970/1/1が含まれています: 45869
サブプロセス出力: デフォルト日付を使用: 2025-09-24
サブプロセス出力: 警告: 活動日列に1970/1/1が含まれています: 45869
サブプロセス出力: デフォルト日付を使用: 2025-09-24
サブプロセス出力: 警告: 活動日列に1970/1/1が含まれています: 45869
サブプロセス出力: デフォルト日付を使用: 2025-09-24
サブプロセス出力: 警告: 活動日列に1970/1/1が含まれています: 45869
サブプロセス出力: デフォルト日付を使用: 2025-09-24
サブプロセス出力: 警告: 活動日列に1970/1/1が含まれています: 45868
サブプロセス出力: デフォルト日付を使用: 2025-09-24
サブプロセス出力: 警告: 活動日列に1970/1/1が含まれています: 45868
サブプロセス出力: デフォルト日付を使用: 2025-09-24
サブプロセス出力: 警告: 活動日列に1970/1/1が含まれています: 45868
サブプロセス出力: デフォルト日付を使用: 2025-09-24
サブプロセス出力: 警告: 活動日列に1970/1/1が含まれています: 45868
サブプロセス出力: デフォルト日付を使用: 2025-09-24
サブプロセス出力: 警告: 活動日列に1970/1/1が含まれています: 45868
サブプロセス出力: デフォルト日付を使用: 2025-09-24
サブプロセス出力: 警告: 活動日列に1970/1/1が含まれています: 45868
サブプロセス出力: デフォルト日付を使用: 2025-09-24
サブプロセス出力: 警告: 活動日列に1970/1/1が含まれています: 45867
サブプロセス出力: デフォルト日付を使用: 2025-09-24
サブプロセス出力: 警告: 活動日列に1970/1/1が含まれています: 45867
サブプロセス出力: デフォルト日付を使用: 2025-09-24
サブプロセス出力: 警告: 活動日列に1970/1/1が含まれています: 45866
サブプロセス出力: デフォルト日付を使用: 2025-09-24
サブプロセス出力: 警告: 活動日列に1970/1/1が含まれています: 45866
サブプロセス出力: デフォルト日付を使用: 2025-09-24
サブプロセス出力: 警告: 活動日列に1970/1/1が含まれています: 45866
サブプロセス出力: デフォルト日付を使用: 2025-09-24
サブプロセス出力: 警告: 活動日列に1970/1/1が含まれています: 45866
サブプロセス出力: デフォルト日付を使用: 2025-09-24
サブプロセス出力: 警告: 活動日列に1970/1/1が含まれています: 45866
サブプロセス出力: デフォルト日付を使用: 2025-09-24
サブプロセス出力: 警告: 活動日列に1970/1/1が含まれています: 45863
サブプロセス出力: デフォルト日付を使用: 2025-09-24
サブプロセス出力: 警告: 活動日列に1970/1/1が含まれています: 45863
サブプロセス出力: デフォルト日付を使用: 2025-09-24
サブプロセス出力: 警告: 活動日列に1970/1/1が含まれています: 45863
サブプロセス出力: デフォルト日付を使用: 2025-09-24
サブプロセス出力: 警告: 活動日列に1970/1/1が含まれています: 45863
サブプロセス出力: デフォルト日付を使用: 2025-09-24
サブプロセス出力: 警告: 活動日列に1970/1/1が含まれています: 45863
サブプロセス出力: デフォルト日付を使用: 2025-09-24
サブプロセス出力: 警告: 活動日列に1970/1/1が含まれています: 45863
サブプロセス出力: デフォルト日付を使用: 2025-09-24
サブプロセス出力: 警告: 活動日列に1970/1/1が含まれています: 45862
サブプロセス出力: デフォルト日付を使用: 2025-09-24
サブプロセス出力: 警告: 活動日列に1970/1/1が含まれています: 45862
サブプロセス出力: デフォルト日付を使用: 2025-09-24
サブプロセス出力: 警告: 活動日列に1970/1/1が含まれています: 45862
サブプロセス出力: デフォルト日付を使用: 2025-09-24
サブプロセス出力: 警告: 活動日列に1970/1/1が含まれています: 45861
サブプロセス出力: デフォルト日付を使用: 2025-09-24
サブプロセス出力: 警告: 活動日列に1970/1/1が含まれています: 45861
サブプロセス出力: デフォルト日付を使用: 2025-09-24
サブプロセス出力: 警告: 活動日列に1970/1/1が含まれています: 45861
サブプロセス出力: デフォルト日付を使用: 2025-09-24
サブプロセス出力: 警告: 活動日列に1970/1/1が含まれています: 45861
サブプロセス出力: デフォルト日付を使用: 2025-09-24
サブプロセス出力: 警告: 活動日列に1970/1/1が含まれています: 45860
サブプロセス出力: デフォルト日付を使用: 2025-09-24
サブプロセス出力: 警告: 活動日列に1970/1/1が含まれています: 45860
サブプロセス出力: デフォルト日付を使用: 2025-09-24
サブプロセス出力: 警告: 活動日列に1970/1/1が含まれています: 45860
サブプロセス出力: デフォルト日付を使用: 2025-09-24
サブプロセス出力: 警告: 活動日列に1970/1/1が含まれています: 45860
サブプロセス出力: デフォルト日付を使用: 2025-09-24
サブプロセス出力: 警告: 活動日列に1970/1/1が含まれています: 45860
サブプロセス出力: デフォルト日付を使用: 2025-09-24
サブプロセス出力: 警告: 活動日列に1970/1/1が含まれています: 45856
サブプロセス出力: デフォルト日付を使用: 2025-09-24
サブプロセス出力: 警告: 活動日列に1970/1/1が含まれています: 45856
サブプロセス出力: デフォルト日付を使用: 2025-09-24
サブプロセス出力: 警告: 活動日列に1970/1/1が含まれています: 45856
サブプロセス出力: デフォルト日付を使用: 2025-09-24
サブプロセス出力: 警告: 活動日列に1970/1/1が含まれています: 45856
サブプロセス出力: デフォルト日付を使用: 2025-09-24
サブプロセス出力: 警告: 活動日列に1970/1/1が含まれています: 45856
サブプロセス出力: デフォルト日付を使用: 2025-09-24
サブプロセス出力: 警告: 活動日列に1970/1/1が含まれています: 45856
サブプロセス出力: デフォルト日付を使用: 2025-09-24
サブプロセス出力: 警告: 活動日列に1970/1/1が含まれています: 45855
サブプロセス出力: デフォルト日付を使用: 2025-09-24
サブプロセス出力: 警告: 活動日列に1970/1/1が含まれています: 45855
サブプロセス出力: デフォルト日付を使用: 2025-09-24
サブプロセス出力: 警告: 活動日列に1970/1/1が含まれています: 45854
サブプロセス出力: デフォルト日付を使用: 2025-09-24
サブプロセス出力: 警告: 活動日列に1970/1/1が含まれています: 45854
サブプロセス出力: デフォルト日付を使用: 2025-09-24
サブプロセス出力: 警告: 活動日列に1970/1/1が含まれています: 45854
サブプロセス出力: デフォルト日付を使用: 2025-09-24
サブプロセス出力: 警告: 活動日列に1970/1/1が含まれています: 45854
サブプロセス出力: デフォルト日付を使用: 2025-09-24
サブプロセス出力: 警告: 活動日列に1970/1/1が含まれています: 45854
サブプロセス出力: デフォルト日付を使用: 2025-09-24
サブプロセス出力: 警告: 活動日列に1970/1/1が含まれています: 45854
サブプロセス出力: デフォルト日付を使用: 2025-09-24
サブプロセス出力: 警告: 活動日列に1970/1/1が含まれています: 45853
サブプロセス出力: デフォルト日付を使用: 2025-09-24
サブプロセス出力: 警告: 活動日列に1970/1/1が含まれています: 45853
サブプロセス出力: デフォルト日付を使用: 2025-09-24
サブプロセス出力: 警告: 活動日列に1970/1/1が含まれています: 45853
サブプロセス出力: デフォルト日付を使用: 2025-09-24
サブプロセス出力: 警告: 活動日列に1970/1/1が含まれています: 45852
サブプロセス出力: デフォルト日付を使用: 2025-09-24
サブプロセス出力: 警告: 活動日列に1970/1/1が含まれています: 45849
サブプロセス出力: デフォルト日付を使用: 2025-09-24
サブプロセス出力: 警告: 活動日列に1970/1/1が含まれています: 45849
サブプロセス出力: デフォルト日付を使用: 2025-09-24
サブプロセス出力: 警告: 活動日列に1970/1/1が含まれています: 45849
サブプロセス出力: デフォルト日付を使用: 2025-09-24
サブプロセス出力: 警告: 活動日列に1970/1/1が含まれています: 45849
サブプロセス出力: デフォルト日付を使用: 2025-09-24
サブプロセス出力: 警告: 活動日列に1970/1/1が含まれています: 45849
サブプロセス出力: デフォルト日付を使用: 2025-09-24
サブプロセス出力: 警告: 活動日列に1970/1/1が含まれています: 45848
サブプロセス出力: デフォルト日付を使用: 2025-09-24
サブプロセス出力: 警告: 活動日列に1970/1/1が含まれています: 45848
サブプロセス出力: デフォルト日付を使用: 2025-09-24
サブプロセス出力: 警告: 活動日列に1970/1/1が含まれています: 45848
サブプロセス出力: デフォルト日付を使用: 2025-09-24
サブプロセス出力: 警告: 活動日列に1970/1/1が含まれています: 45848
サブプロセス出力: デフォルト日付を使用: 2025-09-24
サブプロセス出力: 警告: 活動日列に1970/1/1が含まれています: 45848
サブプロセス出力: デフォルト日付を使用: 2025-09-24
サブプロセス出力: 警告: 活動日列に1970/1/1が含まれています: 45847
サブプロセス出力: デフォルト日付を使用: 2025-09-24
サブプロセス出力: 警告: 活動日列に1970/1/1が含まれています: 45847
サブプロセス出力: デフォルト日付を使用: 2025-09-24
サブプロセス出力: 警告: 活動日列に1970/1/1が含まれています: 45847
サブプロセス出力: デフォルト日付を使用: 2025-09-24
サブプロセス出力: 警告: 活動日列に1970/1/1が含まれています: 45847
サブプロセス出力: デフォルト日付を使用: 2025-09-24
サブプロセス出力: 警告: 活動日列に1970/1/1が含まれています: 45847
サブプロセス出力: デフォルト日付を使用: 2025-09-24
サブプロセス出力: 警告: 活動日列に1970/1/1が含まれています: 45846
サブプロセス出力: デフォルト日付を使用: 2025-09-24
サブプロセス出力: 警告: 活動日列に1970/1/1が含まれています: 45846
サブプロセス出力: デフォルト日付を使用: 2025-09-24
サブプロセス出力: 警告: 活動日列に1970/1/1が含まれています: 45846
サブプロセス出力: デフォルト日付を使用: 2025-09-24
サブプロセス出力: 警告: 活動日列に1970/1/1が含まれています: 45846
サブプロセス出力: デフォルト日付を使用: 2025-09-24
サブプロセス出力: 警告: 活動日列に1970/1/1が含まれています: 45846
サブプロセス出力: デフォルト日付を使用: 2025-09-24
サブプロセス出力: 警告: 活動日列に1970/1/1が含まれています: 45845
サブプロセス出力: デフォルト日付を使用: 2025-09-24
サブプロセス出力: 警告: 活動日列に1970/1/1が含まれています: 45845
サブプロセス出力: デフォルト日付を使用: 2025-09-24
サブプロセス出力: 警告: 活動日列に1970/1/1が含まれています: 45845
サブプロセス出力: デフォルト日付を使用: 2025-09-24
サブプロセス出力: 警告: 活動日列に1970/1/1が含まれています: 45845
サブプロセス出力: デフォルト日付を使用: 2025-09-24
サブプロセス出力: 警告: 活動日列に1970/1/1が含まれています: 45845
サブプロセス出力: デフォルト日付を使用: 2025-09-24
サブプロセス出力: 警告: 活動日列に1970/1/1が含まれています: 45845
サブプロセス出力: デフォルト日付を使用: 2025-09-24
サブプロセス出力: 警告: 活動日列に1970/1/1が含まれています: 45845
サブプロセス出力: デフォルト日付を使用: 2025-09-24
サブプロセス出力: 警告: 活動日列に1970/1/1が含まれています: 45845
サブプロセス出力: デフォルト日付を使用: 2025-09-24
サブプロセス出力: 警告: 活動日列に1970/1/1が含まれています: 45845
サブプロセス出力: デフォルト日付を使用: 2025-09-24
サブプロセス出力: 警告: 活動日列に1970/1/1が含まれています: 45842
サブプロセス出力: デフォルト日付を使用: 2025-09-24
サブプロセス出力: 警告: 活動日列に1970/1/1が含まれています: 45842
サブプロセス出力: デフォルト日付を使用: 2025-09-24
サブプロセス出力: 警告: 活動日列に1970/1/1が含まれています: 45842
サブプロセス出力: デフォルト日付を使用: 2025-09-24
サブプロセス出力: 警告: 活動日列に1970/1/1が含まれています: 45842
サブプロセス出力: デフォルト日付を使用: 2025-09-24
サブプロセス出力: 警告: 活動日列に1970/1/1が含まれています: 45842
サブプロセス出力: デフォルト日付を使用: 2025-09-24
サブプロセス出力: 警告: 活動日列に1970/1/1が含まれています: 45842
サブプロセス出力: デフォルト日付を使用: 2025-09-24
サブプロセス出力: 警告: 活動日列に1970/1/1が含まれています: 45842
サブプロセス出力: デフォルト日付を使用: 2025-09-24
サブプロセス出力: 警告: 活動日列に1970/1/1が含まれています: 45841
サブプロセス出力: デフォルト日付を使用: 2025-09-24
サブプロセス出力: 警告: 活動日列に1970/1/1が含まれています: 45841
サブプロセス出力: デフォルト日付を使用: 2025-09-24
サブプロセス出力: 警告: 活動日列に1970/1/1が含まれています: 45841
サブプロセス出力: デフォルト日付を使用: 2025-09-24
サブプロセス出力: 警告: 活動日列に1970/1/1が含まれています: 45841
サブプロセス出力: デフォルト日付を使用: 2025-09-24
サブプロセス出力: 警告: 活動日列に1970/1/1が含まれています: 45841
サブプロセス出力: デフォルト日付を使用: 2025-09-24
サブプロセス出力: 警告: 活動日列に1970/1/1が含まれています: 45841
サブプロセス出力: デフォルト日付を使用: 2025-09-24
サブプロセス出力: 警告: 活動日列に1970/1/1が含まれています: 45840
サブプロセス出力: デフォルト日付を使用: 2025-09-24
サブプロセス出力: 警告: 活動日列に1970/1/1が含まれています: 45840
サブプロセス出力: デフォルト日付を使用: 2025-09-24
サブプロセス出力: 警告: 活動日列に1970/1/1が含まれています: 45840
サブプロセス出力: デフォルト日付を使用: 2025-09-24
サブプロセス出力: 警告: 活動日列に1970/1/1が含まれています: 45840
サブプロセス出力: デフォルト日付を使用: 2025-09-24
サブプロセス出力: 警告: 活動日列に1970/1/1が含まれています: 45840
サブプロセス出力: デフォルト日付を使用: 2025-09-24
サブプロセス出力: 警告: 活動日列に1970/1/1が含まれています: 45840
サブプロセス出力: デフォルト日付を使用: 2025-09-24
サブプロセス出力: 警告: 活動日列に1970/1/1が含まれています: 45840
サブプロセス出力: デフォルト日付を使用: 2025-09-24
サブプロセス出力: 警告: 活動日列に1970/1/1が含まれています: 45840
サブプロセス出力: デフォルト日付を使用: 2025-09-24
サブプロセス出力: 警告: 活動日列に1970/1/1が含まれています: 45840
サブプロセス出力: デフォルト日付を使用: 2025-09-24
サブプロセス出力: 警告: 活動日列に1970/1/1が含まれています: 45840
サブプロセス出力: デフォルト日付を使用: 2025-09-24
サブプロセス出力: 警告: 活動日列に1970/1/1が含まれています: 45840
サブプロセス出力: デフォルト日付を使用: 2025-09-24
サブプロセス出力: 警告: 活動日列に1970/1/1が含まれています: 45840
サブプロセス出力: デフォルト日付を使用: 2025-09-24
サブプロセス出力: 警告: 活動日列に1970/1/1が含まれています: 45839
サブプロセス出力: デフォルト日付を使用: 2025-09-24
サブプロセス出力: 警告: 活動日列に1970/1/1が含まれています: 45839
サブプロセス出力: デフォルト日付を使用: 2025-09-24
サブプロセス出力: 警告: 活動日列に1970/1/1が含まれています: 45839
サブプロセス出力: デフォルト日付を使用: 2025-09-24
サブプロセス出力: 警告: 活動日列に1970/1/1が含まれています: 45839
サブプロセス出力: デフォルト日付を使用: 2025-09-24
サブプロセス出力: 警告: 活動日列に1970/1/1が含まれています: 45839
サブプロセス出力: デフォルト日付を使用: 2025-09-24
サブプロセス出力: 警告: 活動日列に1970/1/1が含まれています: 45839
サブプロセス出力: デフォルト日付を使用: 2025-09-24
サブプロセス出力: 警告: 活動日列に1970/1/1が含まれています: 45838
サブプロセス出力: デフォルト日付を使用: 2025-09-24
サブプロセス出力: 警告: 活動日列に1970/1/1が含まれています: 45838
サブプロセス出力: デフォルト日付を使用: 2025-09-24
サブプロセス出力: 警告: 活動日列に1970/1/1が含まれています: 45838
サブプロセス出力: デフォルト日付を使用: 2025-09-24
サブプロセス出力: 警告: 活動日列に1970/1/1が含まれています: 45838
サブプロセス出力: デフォルト日付を使用: 2025-09-24
サブプロセス出力: 警告: 活動日列に1970/1/1が含まれています: 45836
サブプロセス出力: デフォルト日付を使用: 2025-09-24
サブプロセス出力: 警告: 活動日列に1970/1/1が含まれています: 45835
サブプロセス出力: デフォルト日付を使用: 2025-09-24
サブプロセス出力: 警告: 活動日列に1970/1/1が含まれています: 45835
サブプロセス出力: デフォルト日付を使用: 2025-09-24
サブプロセス出力: 警告: 活動日列に1970/1/1が含まれています: 45835
サブプロセス出力: デフォルト日付を使用: 2025-09-24
サブプロセス出力: 警告: 活動日列に1970/1/1が含まれています: 45835
サブプロセス出力: デフォルト日付を使用: 2025-09-24
サブプロセス出力: 警告: 活動日列に1970/1/1が含まれています: 45835
サブプロセス出力: デフォルト日付を使用: 2025-09-24
サブプロセス出力: 警告: 活動日列に1970/1/1が含まれています: 45834
サブプロセス出力: デフォルト日付を使用: 2025-09-24
サブプロセス出力: 警告: 活動日列に1970/1/1が含まれています: 45834
サブプロセス出力: デフォルト日付を使用: 2025-09-24
サブプロセス出力: 警告: 活動日列に1970/1/1が含まれています: 45834
サブプロセス出力: デフォルト日付を使用: 2025-09-24
サブプロセス出力: 警告: 活動日列に1970/1/1が含まれています: 45834
サブプロセス出力: デフォルト日付を使用: 2025-09-24
サブプロセス出力: 警告: 活動日列に1970/1/1が含まれています: 45833
サブプロセス出力: デフォルト日付を使用: 2025-09-24
サブプロセス出力: 警告: 活動日列に1970/1/1が含まれています: 45833
サブプロセス出力: デフォルト日付を使用: 2025-09-24
サブプロセス出力: 警告: 活動日列に1970/1/1が含まれています: 45833
サブプロセス出力: デフォルト日付を使用: 2025-09-24
サブプロセス出力: 警告: 活動日列に1970/1/1が含まれています: 45833
サブプロセス出力: デフォルト日付を使用: 2025-09-24
サブプロセス出力: 警告: 活動日列に1970/1/1が含まれています: 45833
サブプロセス出力: デフォルト日付を使用: 2025-09-24
サブプロセス出力: 警告: 活動日列に1970/1/1が含まれています: 45833
サブプロセス出力: デフォルト日付を使用: 2025-09-24
サブプロセス出力: 警告: 活動日列に1970/1/1が含まれています: 45833
サブプロセス出力: デフォルト日付を使用: 2025-09-24
サブプロセス出力: 警告: 活動日列に1970/1/1が含まれています: 45833
サブプロセス出力: デフォルト日付を使用: 2025-09-24
サブプロセス出力: 警告: 活動日列に1970/1/1が含まれています: 45832
サブプロセス出力: デフォルト日付を使用: 2025-09-24
サブプロセス出力: 警告: 活動日列に1970/1/1が含まれています: 45832
サブプロセス出力: デフォルト日付を使用: 2025-09-24
サブプロセス出力: 警告: 活動日列に1970/1/1が含まれています: 45832
サブプロセス出力: デフォルト日付を使用: 2025-09-24
サブプロセス出力: 警告: 活動日列に1970/1/1が含まれています: 45832
サブプロセス出力: デフォルト日付を使用: 2025-09-24
サブプロセス出力: 警告: 活動日列に1970/1/1が含まれています: 45832
サブプロセス出力: デフォルト日付を使用: 2025-09-24
サブプロセス出力: 警告: 活動日列に1970/1/1が含まれています: 45831
サブプロセス出力: デフォルト日付を使用: 2025-09-24
サブプロセス出力: 警告: 活動日列に1970/1/1が含まれています: 45831
サブプロセス出力: デフォルト日付を使用: 2025-09-24
サブプロセス出力: 警告: 活動日列に1970/1/1が含まれています: 45831
サブプロセス出力: デフォルト日付を使用: 2025-09-24
サブプロセス出力: 警告: 活動日列に1970/1/1が含まれています: 45831
サブプロセス出力: デフォルト日付を使用: 2025-09-24
サブプロセス出力: 警告: 活動日列に1970/1/1が含まれています: 45828
サブプロセス出力: デフォルト日付を使用: 2025-09-24
サブプロセス出力: 警告: 活動日列に1970/1/1が含まれています: 45828
サブプロセス出力: デフォルト日付を使用: 2025-09-24
サブプロセス出力: 警告: 活動日列に1970/1/1が含まれています: 45828
サブプロセス出力: デフォルト日付を使用: 2025-09-24
サブプロセス出力: 警告: 活動日列に1970/1/1が含まれています: 45827
サブプロセス出力: デフォルト日付を使用: 2025-09-24
サブプロセス出力: 警告: 活動日列に1970/1/1が含まれています: 45826
サブプロセス出力: デフォルト日付を使用: 2025-09-24
サブプロセス出力: 警告: 活動日列に1970/1/1が含まれています: 45826
サブプロセス出力: デフォルト日付を使用: 2025-09-24
サブプロセス出力: 警告: 活動日列に1970/1/1が含まれています: 45826
サブプロセス出力: デフォルト日付を使用: 2025-09-24
サブプロセス出力: 警告: 活動日列に1970/1/1が含まれています: 45825
サブプロセス出力: デフォルト日付を使用: 2025-09-24
サブプロセス出力: 警告: 活動日列に1970/1/1が含まれています: 45825
サブプロセス出力: デフォルト日付を使用: 2025-09-24
サブプロセス出力: 警告: 活動日列に1970/1/1が含まれています: 45825
サブプロセス出力: デフォルト日付を使用: 2025-09-24
サブプロセス出力: 警告: 活動日列に1970/1/1が含まれています: 45825
サブプロセス出力: デフォルト日付を使用: 2025-09-24
サブプロセス出力: 警告: 活動日列に1970/1/1が含まれています: 45824
サブプロセス出力: デフォルト日付を使用: 2025-09-24
サブプロセス出力: 警告: 活動日列に1970/1/1が含まれています: 45824
サブプロセス出力: デフォルト日付を使用: 2025-09-24
サブプロセス出力: 警告: 活動日列に1970/1/1が含まれています: 45824
サブプロセス出力: デフォルト日付を使用: 2025-09-24
サブプロセス出力: 警告: 活動日列に1970/1/1が含まれています: 45824
サブプロセス出力: デフォルト日付を使用: 2025-09-24
サブプロセス出力: 警告: 活動日列に1970/1/1が含まれています: 45824
サブプロセス出力: デフォルト日付を使用: 2025-09-24
サブプロセス出力: 警告: 活動日列に1970/1/1が含まれています: 45824
サブプロセス出力: デフォルト日付を使用: 2025-09-24
サブプロセス出力: 警告: 活動日列に1970/1/1が含まれています: 45824
サブプロセス出力: デフォルト日付を使用: 2025-09-24
サブプロセス出力: 警告: 活動日列に1970/1/1が含まれています: 45824
サブプロセス出力: デフォルト日付を使用: 2025-09-24
サブプロセス出力: 警告: 活動日列に1970/1/1が含まれています: 45821
サブプロセス出力: デフォルト日付を使用: 2025-09-24
サブプロセス出力: 警告: 活動日列に1970/1/1が含まれています: 45821
サブプロセス出力: デフォルト日付を使用: 2025-09-24
サブプロセス出力: 警告: 活動日列に1970/1/1が含まれています: 45820
サブプロセス出力: デフォルト日付を使用: 2025-09-24
サブプロセス出力: 警告: 活動日列に1970/1/1が含まれています: 45820
サブプロセス出力: デフォルト日付を使用: 2025-09-24
サブプロセス出力: 警告: 活動日列に1970/1/1が含まれています: 45820
サブプロセス出力: デフォルト日付を使用: 2025-09-24
サブプロセス出力: 警告: 活動日列に1970/1/1が含まれています: 45819
サブプロセス出力: デフォルト日付を使用: 2025-09-24
サブプロセス出力: 警告: 活動日列に1970/1/1が含まれています: 45819
サブプロセス出力: デフォルト日付を使用: 2025-09-24
サブプロセス出力: 警告: 活動日列に1970/1/1が含まれています: 45819
サブプロセス出力: デフォルト日付を使用: 2025-09-24
サブプロセス出力: 警告: 活動日列に1970/1/1が含まれています: 45819
サブプロセス出力: デフォルト日付を使用: 2025-09-24
サブプロセス出力: 警告: 活動日列に1970/1/1が含まれています: 45819
サブプロセス出力: デフォルト日付を使用: 2025-09-24
サブプロセス出力: 警告: 活動日列に1970/1/1が含まれています: 45819
サブプロセス出力: デフォルト日付を使用: 2025-09-24
サブプロセス出力: 警告: 活動日列に1970/1/1が含まれています: 45818
サブプロセス出力: デフォルト日付を使用: 2025-09-24
サブプロセス出力: 警告: 活動日列に1970/1/1が含まれています: 45818
サブプロセス出力: デフォルト日付を使用: 2025-09-24
サブプロセス出力: 警告: 活動日列に1970/1/1が含まれています: 45818
サブプロセス出力: デフォルト日付を使用: 2025-09-24
サブプロセス出力: 警告: 活動日列に1970/1/1が含まれています: 45818
サブプロセス出力: デフォルト日付を使用: 2025-09-24
サブプロセス出力: 警告: 活動日列に1970/1/1が含まれています: 45818
サブプロセス出力: デフォルト日付を使用: 2025-09-24
サブプロセス出力: 警告: 活動日列に1970/1/1が含まれています: 45818
サブプロセス出力: デフォルト日付を使用: 2025-09-24
サブプロセス出力: 警告: 活動日列に1970/1/1が含まれています: 45817
サブプロセス出力: デフォルト日付を使用: 2025-09-24
サブプロセス出力: 警告: 活動日列に1970/1/1が含まれています: 45817
サブプロセス出力: デフォルト日付を使用: 2025-09-24
サブプロセス出力: 警告: 活動日列に1970/1/1が含まれています: 45814
サブプロセス出力: デフォルト日付を使用: 2025-09-24
サブプロセス出力: 警告: 活動日列に1970/1/1が含まれています: 45814
サブプロセス出力: デフォルト日付を使用: 2025-09-24
サブプロセス出力: 警告: 活動日列に1970/1/1が含まれています: 45814
サブプロセス出力: デフォルト日付を使用: 2025-09-24
サブプロセス出力: 警告: 活動日列に1970/1/1が含まれています: 45814
サブプロセス出力: デフォルト日付を使用: 2025-09-24
サブプロセス出力: 警告: 活動日列に1970/1/1が含まれています: 45814
サブプロセス出力: デフォルト日付を使用: 2025-09-24
サブプロセス出力: 警告: 活動日列に1970/1/1が含まれています: 45814
サブプロセス出力: デフォルト日付を使用: 2025-09-24
サブプロセス出力: 警告: 活動日列に1970/1/1が含まれています: 45814
サブプロセス出力: デフォルト日付を使用: 2025-09-24
サブプロセス出力: 警告: 活動日列に1970/1/1が含まれています: 45814
サブプロセス出力: デフォルト日付を使用: 2025-09-24
サブプロセス出力: 警告: 活動日列に1970/1/1が含まれています: 45813
サブプロセス出力: デフォルト日付を使用: 2025-09-24
サブプロセス出力: 警告: 活動日列に1970/1/1が含まれています: 45813
サブプロセス出力: デフォルト日付を使用: 2025-09-24
サブプロセス出力: 警告: 活動日列に1970/1/1が含まれています: 45813
サブプロセス出力: デフォルト日付を使用: 2025-09-24
サブプロセス出力: 警告: 活動日列に1970/1/1が含まれています: 45813
サブプロセス出力: デフォルト日付を使用: 2025-09-24
サブプロセス出力: 警告: 活動日列に1970/1/1が含まれています: 45813
サブプロセス出力: デフォルト日付を使用: 2025-09-24
サブプロセス出力: 警告: 活動日列に1970/1/1が含まれています: 45813
サブプロセス出力: デフォルト日付を使用: 2025-09-24
サブプロセス出力: 警告: 活動日列に1970/1/1が含まれています: 45813
サブプロセス出力: デフォルト日付を使用: 2025-09-24
サブプロセス出力: 警告: 活動日列に1970/1/1が含まれています: 45813
サブプロセス出力: デフォルト日付を使用: 2025-09-24
サブプロセス出力: 警告: 活動日列に1970/1/1が含まれています: 45813
サブプロセス出力: デフォルト日付を使用: 2025-09-24
サブプロセス出力: 警告: 活動日列に1970/1/1が含まれています: 45812
サブプロセス出力: デフォルト日付を使用: 2025-09-24
サブプロセス出力: 警告: 活動日列に1970/1/1が含まれています: 45812
サブプロセス出力: デフォルト日付を使用: 2025-09-24
サブプロセス出力: 警告: 活動日列に1970/1/1が含まれています: 45811
サブプロセス出力: デフォルト日付を使用: 2025-09-24
サブプロセス出力: 警告: 活動日列に1970/1/1が含まれています: 45811
サブプロセス出力: デフォルト日付を使用: 2025-09-24
サブプロセス出力: 警告: 活動日列に1970/1/1が含まれています: 45811
サブプロセス出力: デフォルト日付を使用: 2025-09-24
サブプロセス出力: 警告: 活動日列に1970/1/1が含まれています: 45811
サブプロセス出力: デフォルト日付を使用: 2025-09-24
サブプロセス出力: 警告: 活動日列に1970/1/1が含まれています: 45811
サブプロセス出力: デフォルト日付を使用: 2025-09-24
サブプロセス出力: 警告: 活動日列に1970/1/1が含まれています: 45810
サブプロセス出力: デフォルト日付を使用: 2025-09-24
サブプロセス出力: 警告: 活動日列に1970/1/1が含まれています: 45810
サブプロセス出力: デフォルト日付を使用: 2025-09-24
サブプロセス出力: 警告: 活動日列に1970/1/1が含まれています: 45810
サブプロセス出力: デフォルト日付を使用: 2025-09-24
サブプロセス出力: 警告: 活動日列に1970/1/1が含まれています: 45810
サブプロセス出力: デフォルト日付を使用: 2025-09-24
サブプロセス出力: 警告: 活動日列に1970/1/1が含まれています: 45810
サブプロセス出力: デフォルト日付を使用: 2025-09-24
サブプロセス出力: 警告: 活動日列に1970/1/1が含まれています: 45810
サブプロセス出力: デフォルト日付を使用: 2025-09-24
サブプロセス出力: 警告: 活動日列に1970/1/1が含まれています: 45810
サブプロセス出力: デフォルト日付を使用: 2025-09-24
サブプロセス出力: 警告: 活動日列に1970/1/1が含まれています: 45807
サブプロセス出力: デフォルト日付を使用: 2025-09-24
サブプロセス出力: 警告: 活動日列に1970/1/1が含まれています: 45807
サブプロセス出力: デフォルト日付を使用: 2025-09-24
サブプロセス出力: 警告: 活動日列に1970/1/1が含まれています: 45805
サブプロセス出力: デフォルト日付を使用: 2025-09-24
サブプロセス出力: 警告: 活動日列に1970/1/1が含まれています: 45805
サブプロセス出力: デフォルト日付を使用: 2025-09-24
サブプロセス出力: 警告: 活動日列に1970/1/1が含まれています: 45805
サブプロセス出力: デフォルト日付を使用: 2025-09-24
サブプロセス出力: 警告: 活動日列に1970/1/1が含まれています: 45804
サブプロセス出力: デフォルト日付を使用: 2025-09-24
サブプロセス出力: 警告: 活動日列に1970/1/1が含まれています: 45804
サブプロセス出力: デフォルト日付を使用: 2025-09-24
サブプロセス出力: 警告: 活動日列に1970/1/1が含まれています: 45804
サブプロセス出力: デフォルト日付を使用: 2025-09-24
サブプロセス出力: 警告: 活動日列に1970/1/1が含まれています: 45804
サブプロセス出力: デフォルト日付を使用: 2025-09-24
サブプロセス出力: 警告: 活動日列に1970/1/1が含まれています: 45804
サブプロセス出力: デフォルト日付を使用: 2025-09-24
サブプロセス出力: 警告: 活動日列に1970/1/1が含まれています: 45804
サブプロセス出力: デフォルト日付を使用: 2025-09-24
サブプロセス出力: 警告: 活動日列に1970/1/1が含まれています: 45804
サブプロセス出力: デフォルト日付を使用: 2025-09-24
サブプロセス出力: 警告: 活動日列に1970/1/1が含まれています: 45803
サブプロセス出力: デフォルト日付を使用: 2025-09-24
サブプロセス出力: 警告: 活動日列に1970/1/1が含まれています: 45803
サブプロセス出力: デフォルト日付を使用: 2025-09-24
サブプロセス出力: 警告: 活動日列に1970/1/1が含まれています: 45803
サブプロセス出力: デフォルト日付を使用: 2025-09-24
サブプロセス出力: 警告: 活動日列に1970/1/1が含まれています: 45803
サブプロセス出力: デフォルト日付を使用: 2025-09-24
サブプロセス出力: 警告: 活動日列に1970/1/1が含まれています: 45803
サブプロセス出力: デフォルト日付を使用: 2025-09-24
サブプロセス出力: 警告: 活動日列に1970/1/1が含まれています: 45803
サブプロセス出力: デフォルト日付を使用: 2025-09-24
サブプロセス出力: 警告: 活動日列に1970/1/1が含まれています: 45803
サブプロセス出力: デフォルト日付を使用: 2025-09-24
サブプロセス出力: 警告: 活動日列に1970/1/1が含まれています: 45800
サブプロセス出力: デフォルト日付を使用: 2025-09-24
サブプロセス出力: 警告: 活動日列に1970/1/1が含まれています: 45800
サブプロセス出力: デフォルト日付を使用: 2025-09-24
サブプロセス出力: 警告: 活動日列に1970/1/1が含まれています: 45799
サブプロセス出力: デフォルト日付を使用: 2025-09-24
サブプロセス出力: 警告: 活動日列に1970/1/1が含まれています: 45799
サブプロセス出力: デフォルト日付を使用: 2025-09-24
サブプロセス出力: 警告: 活動日列に1970/1/1が含まれています: 45799
サブプロセス出力: デフォルト日付を使用: 2025-09-24
サブプロセス出力: 警告: 活動日列に1970/1/1が含まれています: 45799
サブプロセス出力: デフォルト日付を使用: 2025-09-24
サブプロセス出力: 警告: 活動日列に1970/1/1が含まれています: 45799
サブプロセス出力: デフォルト日付を使用: 2025-09-24
サブプロセス出力: 警告: 活動日列に1970/1/1が含まれています: 45799
サブプロセス出力: デフォルト日付を使用: 2025-09-24
サブプロセス出力: 警告: 活動日列に1970/1/1が含まれています: 45798
サブプロセス出力: デフォルト日付を使用: 2025-09-24
サブプロセス出力: 警告: 活動日列に1970/1/1が含まれています: 45798
サブプロセス出力: デフォルト日付を使用: 2025-09-24
サブプロセス出力: 警告: 活動日列に1970/1/1が含まれています: 45798
サブプロセス出力: デフォルト日付を使用: 2025-09-24
サブプロセス出力: 警告: 活動日列に1970/1/1が含まれています: 45798
サブプロセス出力: デフォルト日付を使用: 2025-09-24
サブプロセス出力: 警告: 活動日列に1970/1/1が含まれています: 45798
サブプロセス出力: デフォルト日付を使用: 2025-09-24
サブプロセス出力: 警告: 活動日列に1970/1/1が含まれています: 45797
サブプロセス出力: デフォルト日付を使用: 2025-09-24
サブプロセス出力: 警告: 活動日列に1970/1/1が含まれています: 45797
サブプロセス出力: デフォルト日付を使用: 2025-09-24
サブプロセス出力: 警告: 活動日列に1970/1/1が含まれています: 45797
サブプロセス出力: デフォルト日付を使用: 2025-09-24
サブプロセス出力: 警告: 活動日列に1970/1/1が含まれています: 45797
サブプロセス出力: デフォルト日付を使用: 2025-09-24
サブプロセス出力: 警告: 活動日列に1970/1/1が含まれています: 45797
サブプロセス出力: デフォルト日付を使用: 2025-09-24
サブプロセス出力: 警告: 活動日列に1970/1/1が含まれています: 45796
サブプロセス出力: デフォルト日付を使用: 2025-09-24
サブプロセス出力: 警告: 活動日列に1970/1/1が含まれています: 45796
サブプロセス出力: デフォルト日付を使用: 2025-09-24
サブプロセス出力: 警告: 活動日列に1970/1/1が含まれています: 45796
サブプロセス出力: デフォルト日付を使用: 2025-09-24
サブプロセス出力: 警告: 活動日列に1970/1/1が含まれています: 45796
サブプロセス出力: デフォルト日付を使用: 2025-09-24
サブプロセス出力: 警告: 活動日列に1970/1/1が含まれています: 45793
サブプロセス出力: デフォルト日付を使用: 2025-09-24
サブプロセス出力: 警告: 活動日列に1970/1/1が含まれています: 45793
サブプロセス出力: デフォルト日付を使用: 2025-09-24
サブプロセス出力: 警告: 活動日列に1970/1/1が含まれています: 45793
サブプロセス出力: デフォルト日付を使用: 2025-09-24
サブプロセス出力: 警告: 活動日列に1970/1/1が含まれています: 45793
サブプロセス出力: デフォルト日付を使用: 2025-09-24
サブプロセス出力: 警告: 活動日列に1970/1/1が含まれています: 45793
サブプロセス出力: デフォルト日付を使用: 2025-09-24
サブプロセス出力: 警告: 活動日列に1970/1/1が含まれています: 45793
サブプロセス出力: デフォルト日付を使用: 2025-09-24
サブプロセス出力: 警告: 活動日列に1970/1/1が含まれています: 45792
サブプロセス出力: デフォルト日付を使用: 2025-09-24
サブプロセス出力: 警告: 活動日列に1970/1/1が含まれています: 45792
サブプロセス出力: デフォルト日付を使用: 2025-09-24
サブプロセス出力: 警告: 活動日列に1970/1/1が含まれています: 45792
サブプロセス出力: デフォルト日付を使用: 2025-09-24
サブプロセス出力: 警告: 活動日列に1970/1/1が含まれています: 45791
サブプロセス出力: デフォルト日付を使用: 2025-09-24
サブプロセス出力: 警告: 活動日列に1970/1/1が含まれています: 45791
サブプロセス出力: デフォルト日付を使用: 2025-09-24
サブプロセス出力: 警告: 活動日列に1970/1/1が含まれています: 45791
サブプロセス出力: デフォルト日付を使用: 2025-09-24
サブプロセス出力: 警告: 活動日列に1970/1/1が含まれています: 45790
サブプロセス出力: デフォルト日付を使用: 2025-09-24
サブプロセス出力: 警告: 活動日列に1970/1/1が含まれています: 45790
サブプロセス出力: デフォルト日付を使用: 2025-09-24
サブプロセス出力: 警告: 活動日列に1970/1/1が含まれています: 45790
サブプロセス出力: デフォルト日付を使用: 2025-09-24
サブプロセス出力: 警告: 活動日列に1970/1/1が含まれています: 45789
サブプロセス出力: デフォルト日付を使用: 2025-09-24
サブプロセス出力: 警告: 活動日列に1970/1/1が含まれています: 45789
サブプロセス出力: デフォルト日付を使用: 2025-09-24
サブプロセス出力: 警告: 活動日列に1970/1/1が含まれています: 45789
サブプロセス出力: デフォルト日付を使用: 2025-09-24
サブプロセス出力: 警告: 活動日列に1970/1/1が含まれています: 45789
サブプロセス出力: デフォルト日付を使用: 2025-09-24
サブプロセス出力: 警告: 活動日列に1970/1/1が含まれています: 45786
サブプロセス出力: デフォルト日付を使用: 2025-09-24
サブプロセス出力: 警告: 活動日列に1970/1/1が含まれています: 45786
サブプロセス出力: デフォルト日付を使用: 2025-09-24
サブプロセス出力: 警告: 活動日列に1970/1/1が含まれています: 45786
サブプロセス出力: デフォルト日付を使用: 2025-09-24
サブプロセス出力: 警告: 活動日列に1970/1/1が含まれています: 45786
サブプロセス出力: デフォルト日付を使用: 2025-09-24
サブプロセス出力: 警告: 活動日列に1970/1/1が含まれています: 45784
サブプロセス出力: デフォルト日付を使用: 2025-09-24
サブプロセス出力: 警告: 活動日列に1970/1/1が含まれています: 45784
サブプロセス出力: デフォルト日付を使用: 2025-09-24
サブプロセス出力: 警告: 活動日列に1970/1/1が含まれています: 45779
サブプロセス出力: デフォルト日付を使用: 2025-09-24
サブプロセス出力: 警告: 活動日列に1970/1/1が含まれています: 45779
サブプロセス出力: デフォルト日付を使用: 2025-09-24
サブプロセス出力: 警告: 活動日列に1970/1/1が含まれています: 45778
サブプロセス出力: デフォルト日付を使用: 2025-09-24
サブプロセス出力: 警告: 活動日列に1970/1/1が含まれています: 45778
サブプロセス出力: デフォルト日付を使用: 2025-09-24
サブプロセス出力: 警告: 活動日列に1970/1/1が含まれています: 45777
サブプロセス出力: デフォルト日付を使用: 2025-09-24
サブプロセス出力: 警告: 活動日列に1970/1/1が含まれています: 45777
サブプロセス出力: デフォルト日付を使用: 2025-09-24
サブプロセス出力: 警告: 活動日列に1970/1/1が含まれています: 45775
サブプロセス出力: デフォルト日付を使用: 2025-09-24
サブプロセス出力: 警告: 活動日列に1970/1/1が含まれています: 45775
サブプロセス出力: デフォルト日付を使用: 2025-09-24
サブプロセス出力: 警告: 活動日列に1970/1/1が含まれています: 45775
サブプロセス出力: デフォルト日付を使用: 2025-09-24
サブプロセス出力: 警告: 活動日列に1970/1/1が含まれています: 45775
サブプロセス出力: デフォルト日付を使用: 2025-09-24
サブプロセス出力: 警告: 活動日列に1970/1/1が含まれています: 45772
サブプロセス出力: デフォルト日付を使用: 2025-09-24
サブプロセス出力: 警告: 活動日列に1970/1/1が含まれています: 45771
サブプロセス出力: デフォルト日付を使用: 2025-09-24
サブプロセス出力: 警告: 活動日列に1970/1/1が含まれています: 45771
サブプロセス出力: デフォルト日付を使用: 2025-09-24
サブプロセス出力: 警告: 活動日列に1970/1/1が含まれています: 45771
サブプロセス出力: デフォルト日付を使用: 2025-09-24
サブプロセス出力: 警告: 活動日列に1970/1/1が含まれています: 45770
サブプロセス出力: デフォルト日付を使用: 2025-09-24
サブプロセス出力: 警告: 活動日列に1970/1/1が含まれています: 45770
サブプロセス出力: デフォルト日付を使用: 2025-09-24
サブプロセス出力: 警告: 活動日列に1970/1/1が含まれています: 45770
サブプロセス出力: デフォルト日付を使用: 2025-09-24
サブプロセス出力: 警告: 活動日列に1970/1/1が含まれています: 45770
サブプロセス出力: デフォルト日付を使用: 2025-09-24
サブプロセス出力: 警告: 活動日列に1970/1/1が含まれています: 45769
サブプロセス出力: デフォルト日付を使用: 2025-09-24
サブプロセス出力: 警告: 活動日列に1970/1/1が含まれています: 45769
サブプロセス出力: デフォルト日付を使用: 2025-09-24
サブプロセス出力: 警告: 活動日列に1970/1/1が含まれています: 45769
サブプロセス出力: デフォルト日付を使用: 2025-09-24
サブプロセス出力: 警告: 活動日列に1970/1/1が含まれています: 45768
サブプロセス出力: デフォルト日付を使用: 2025-09-24
サブプロセス出力: 警告: 活動日列に1970/1/1が含まれています: 45768
サブプロセス出力: デフォルト日付を使用: 2025-09-24
サブプロセス出力: 警告: 活動日列に1970/1/1が含まれています: 45768
サブプロセス出力: デフォルト日付を使用: 2025-09-24
サブプロセス出力: 警告: 活動日列に1970/1/1が含まれています: 45768
サブプロセス出力: デフォルト日付を使用: 2025-09-24
サブプロセス出力: 警告: 活動日列に1970/1/1が含まれています: 45768
サブプロセス出力: デフォルト日付を使用: 2025-09-24
サブプロセス出力: 警告: 活動日列に1970/1/1が含まれています: 45765
サブプロセス出力: デフォルト日付を使用: 2025-09-24
サブプロセス出力: 警告: 活動日列に1970/1/1が含まれています: 45765
サブプロセス出力: デフォルト日付を使用: 2025-09-24
サブプロセス出力: 警告: 活動日列に1970/1/1が含まれています: 45765
サブプロセス出力: デフォルト日付を使用: 2025-09-24
サブプロセス出力: 警告: 活動日列に1970/1/1が含まれています: 45765
サブプロセス出力: デフォルト日付を使用: 2025-09-24
サブプロセス出力: 警告: 活動日列に1970/1/1が含まれています: 45765
サブプロセス出力: デフォルト日付を使用: 2025-09-24
サブプロセス出力: 警告: 活動日列に1970/1/1が含まれています: 45764
サブプロセス出力: デフォルト日付を使用: 2025-09-24
サブプロセス出力: 警告: 活動日列に1970/1/1が含まれています: 45763
サブプロセス出力: デフォルト日付を使用: 2025-09-24
サブプロセス出力: 警告: 活動日列に1970/1/1が含まれています: 45763
サブプロセス出力: デフォルト日付を使用: 2025-09-24
サブプロセス出力: 警告: 活動日列に1970/1/1が含まれています: 45763
サブプロセス出力: デフォルト日付を使用: 2025-09-24
サブプロセス出力: 警告: 活動日列に1970/1/1が含まれています: 45763
サブプロセス出力: デフォルト日付を使用: 2025-09-24
サブプロセス出力: 警告: 活動日列に1970/1/1が含まれています: 45763
サブプロセス出力: デフォルト日付を使用: 2025-09-24
サブプロセス出力: 警告: 活動日列に1970/1/1が含まれています: 45763
サブプロセス出力: デフォルト日付を使用: 2025-09-24
サブプロセス出力: 警告: 活動日列に1970/1/1が含まれています: 45763
サブプロセス出力: デフォルト日付を使用: 2025-09-24
サブプロセス出力: 警告: 活動日列に1970/1/1が含まれています: 45763
サブプロセス出力: デフォルト日付を使用: 2025-09-24
サブプロセス出力: 警告: 活動日列に1970/1/1が含まれています: 45763
サブプロセス出力: デフォルト日付を使用: 2025-09-24
サブプロセス出力: 警告: 活動日列に1970/1/1が含まれています: 45762
サブプロセス出力: デフォルト日付を使用: 2025-09-24
サブプロセス出力: 警告: 活動日列に1970/1/1が含まれています: 45762
サブプロセス出力: デフォルト日付を使用: 2025-09-24
サブプロセス出力: 警告: 活動日列に1970/1/1が含まれています: 45762
サブプロセス出力: デフォルト日付を使用: 2025-09-24
サブプロセス出力: 警告: 活動日列に1970/1/1が含まれています: 45761
サブプロセス出力: デフォルト日付を使用: 2025-09-24
サブプロセス出力: 警告: 活動日列に1970/1/1が含まれています: 45761
サブプロセス出力: デフォルト日付を使用: 2025-09-24
サブプロセス出力: 警告: 活動日列に1970/1/1が含まれています: 45761
サブプロセス出力: デフォルト日付を使用: 2025-09-24
サブプロセス出力: 警告: 活動日列に1970/1/1が含まれています: 45761
サブプロセス出力: デフォルト日付を使用: 2025-09-24
サブプロセス出力: 警告: 活動日列に1970/1/1が含まれています: 45761
サブプロセス出力: デフォルト日付を使用: 2025-09-24
サブプロセス出力: 警告: 活動日列に1970/1/1が含まれています: 45758
サブプロセス出力: デフォルト日付を使用: 2025-09-24
サブプロセス出力: 警告: 活動日列に1970/1/1が含まれています: 45758
サブプロセス出力: デフォルト日付を使用: 2025-09-24
サブプロセス出力: 警告: 活動日列に1970/1/1が含まれています: 45758
サブプロセス出力: デフォルト日付を使用: 2025-09-24
サブプロセス出力: 警告: 活動日列に1970/1/1が含まれています: 45758
サブプロセス出力: デフォルト日付を使用: 2025-09-24
サブプロセス出力: 警告: 活動日列に1970/1/1が含まれています: 45757
サブプロセス出力: デフォルト日付を使用: 2025-09-24
サブプロセス出力: 警告: 活動日列に1970/1/1が含まれています: 45757
サブプロセス出力: デフォルト日付を使用: 2025-09-24
サブプロセス出力: 警告: 活動日列に1970/1/1が含まれています: 45757
サブプロセス出力: デフォルト日付を使用: 2025-09-24
サブプロセス出力: 警告: 活動日列に1970/1/1が含まれています: 45757
サブプロセス出力: デフォルト日付を使用: 2025-09-24
サブプロセス出力: 警告: 活動日列に1970/1/1が含まれています: 45756
サブプロセス出力: デフォルト日付を使用: 2025-09-24
サブプロセス出力: 警告: 活動日列に1970/1/1が含まれています: 45756
サブプロセス出力: デフォルト日付を使用: 2025-09-24
サブプロセス出力: 警告: 活動日列に1970/1/1が含まれています: 45756
サブプロセス出力: デフォルト日付を使用: 2025-09-24
サブプロセス出力: 警告: 活動日列に1970/1/1が含まれています: 45755
サブプロセス出力: デフォルト日付を使用: 2025-09-24
サブプロセス出力: 警告: 活動日列に1970/1/1が含まれています: 45755
サブプロセス出力: デフォルト日付を使用: 2025-09-24
サブプロセス出力: 警告: 活動日列に1970/1/1が含まれています: 45755
サブプロセス出力: デフォルト日付を使用: 2025-09-24
サブプロセス出力: 警告: 活動日列に1970/1/1が含まれています: 45755
サブプロセス出力: デフォルト日付を使用: 2025-09-24
サブプロセス出力: 警告: 活動日列に1970/1/1が含まれています: 45755
サブプロセス出力: デフォルト日付を使用: 2025-09-24
サブプロセス出力: 警告: 活動日列に1970/1/1が含まれています: 45754
サブプロセス出力: デフォルト日付を使用: 2025-09-24
サブプロセス出力: 警告: 活動日列に1970/1/1が含まれています: 45754
サブプロセス出力: デフォルト日付を使用: 2025-09-24
サブプロセス出力: 警告: 活動日列に1970/1/1が含まれています: 45754
サブプロセス出力: デフォルト日付を使用: 2025-09-24
サブプロセス出力: 警告: 活動日列に1970/1/1が含まれています: 45754
サブプロセス出力: デフォルト日付を使用: 2025-09-24
サブプロセス出力: 警告: 活動日列に1970/1/1が含まれています: 45754
サブプロセス出力: デフォルト日付を使用: 2025-09-24
サブプロセス出力: 警告: 活動日列に1970/1/1が含まれています: 45754
サブプロセス出力: デフォルト日付を使用: 2025-09-24
サブプロセス出力: 警告: 活動日列に1970/1/1が含まれています: 45751
サブプロセス出力: デフォルト日付を使用: 2025-09-24
サブプロセス出力: 警告: 活動日列に1970/1/1が含まれています: 45751
サブプロセス出力: デフォルト日付を使用: 2025-09-24
サブプロセス出力: 警告: 活動日列に1970/1/1が含まれています: 45751
サブプロセス出力: デフォルト日付を使用: 2025-09-24
サブプロセス出力: 警告: 活動日列に1970/1/1が含まれています: 45751
サブプロセス出力: デフォルト日付を使用: 2025-09-24
サブプロセス出力: 警告: 活動日列に1970/1/1が含まれています: 45750
サブプロセス出力: デフォルト日付を使用: 2025-09-24
サブプロセス出力: 警告: 活動日列に1970/1/1が含まれています: 45750
サブプロセス出力: デフォルト日付を使用: 2025-09-24
サブプロセス出力: 警告: 活動日列に1970/1/1が含まれています: 45750
サブプロセス出力: デフォルト日付を使用: 2025-09-24
サブプロセス出力: 警告: 活動日列に1970/1/1が含まれています: 45750
サブプロセス出力: デフォルト日付を使用: 2025-09-24
サブプロセス出力: 警告: 活動日列に1970/1/1が含まれています: 45750
サブプロセス出力: デフォルト日付を使用: 2025-09-24
サブプロセス出力: 警告: 活動日列に1970/1/1が含まれています: 45749
サブプロセス出力: デフォルト日付を使用: 2025-09-24
サブプロセス出力: 警告: 活動日列に1970/1/1が含まれています: 45749
サブプロセス出力: デフォルト日付を使用: 2025-09-24
サブプロセス出力: 警告: 活動日列に1970/1/1が含まれています: 45748
サブプロセス出力: デフォルト日付を使用: 2025-09-24
サブプロセス出力: マツリカCSV生成完了: 521行
サブプロセス出力: 出力ファイルに保存中: C:\Users\tomoh\OneDrive - Konica Minolta\12.code\webmatsurika\customer_action_import_format.csv
サブプロセス出力: 完了: マツリカCSV生成完了: C:\Users\tomoh\OneDrive - Konica Minolta\12.code\webmatsurika\customer_action_import_format.csv
サブプロセス出力: === 処理が正常に完了しました ===
サブプロセス出力: 最終出力ファイル: C:\Users\tomoh\OneDrive - Konica Minolta\12.code\webmatsurika\customer_action_import_format.csv
サブプロセス出力: 出力ファイルサイズ: 170217 bytes
サブプロセス終了コード: 0
=== 処理が正常に完了しました ===
出力ファイル: C:\Users\tomoh\OneDrive - Konica Minolta\12.code\webmatsurika\customer_action_import_format.csv
=== 処理終了 ===
